This is pdfTeX, Version 3.14159265-2.6-1.40.18 (MiKTeX 2.9.6350 64-bit) (preloaded format=pdflatex 2017.7.10)  30 SEP 2019 12:58
entering extended mode
**./100883933_Berezny_NJ.tex
(100883933_Berezny_NJ.tex
LaTeX2e <2017-04-15>
Babel <3.10> and hyphenation patterns for 75 language(s) loaded.
("C:\Program Files\MiKTeX 2.9\tex\latex\base\report.cls"
Document Class: report 2014/09/29 v1.4h Standard LaTeX document class
("C:\Program Files\MiKTeX 2.9\tex\latex\base\size12.clo"
File: size12.clo 2014/09/29 v1.4h Standard LaTeX file (size option)
)
\c@part=\count79
\c@chapter=\count80
\c@section=\count81
\c@subsection=\count82
\c@subsubsection=\count83
\c@paragraph=\count84
\c@subparagraph=\count85
\c@figure=\count86
\c@table=\count87
\abovecaptionskip=\skip41
\belowcaptionskip=\skip42
\bibindent=\dimen102
)
(C:\Users\nicho_000\AppData\Roaming\MiKTeX\2.9\tex\latex\cite\cite.sty
LaTeX Info: Redefining \cite on input line 302.
LaTeX Info: Redefining \nocite on input line 332.
Package: cite 2015/02/27  v 5.5
)
(C:\Users\nicho_000\AppData\Roaming\MiKTeX\2.9\tex\latex\preprint\fullpage.sty
Package: fullpage 1999/02/23 1.1 (PWD)
\FP@margin=\skip43
) (C:\Users\nicho_000\AppData\Roaming\MiKTeX\2.9\tex\latex\was\gensymb.sty
Package: gensymb 2003/07/02 v1.0 (WaS)
)
("C:\Program Files\MiKTeX 2.9\tex\latex\amsmath\amsmath.sty"
Package: amsmath 2016/11/05 v2.16a AMS math features
\@mathmargin=\skip44

For additional information on amsmath, use the `?' option.
("C:\Program Files\MiKTeX 2.9\tex\latex\amsmath\amstext.sty"
Package: amstext 2000/06/29 v2.01 AMS text

("C:\Program Files\MiKTeX 2.9\tex\latex\amsmath\amsgen.sty"
File: amsgen.sty 1999/11/30 v2.0 generic functions
\@emptytoks=\toks14
\ex@=\dimen103
))
("C:\Program Files\MiKTeX 2.9\tex\latex\amsmath\amsbsy.sty"
Package: amsbsy 1999/11/29 v1.2d Bold Symbols
\pmbraise@=\dimen104
)
("C:\Program Files\MiKTeX 2.9\tex\latex\amsmath\amsopn.sty"
Package: amsopn 2016/03/08 v2.02 operator names
)
\inf@bad=\count88
LaTeX Info: Redefining \frac on input line 213.
\uproot@=\count89
\leftroot@=\count90
LaTeX Info: Redefining \overline on input line 375.
\classnum@=\count91
\DOTSCASE@=\count92
LaTeX Info: Redefining \ldots on input line 472.
LaTeX Info: Redefining \dots on input line 475.
LaTeX Info: Redefining \cdots on input line 596.
\Mathstrutbox@=\box26
\strutbox@=\box27
\big@size=\dimen105
LaTeX Font Info:    Redeclaring font encoding OML on input line 712.
LaTeX Font Info:    Redeclaring font encoding OMS on input line 713.
\macc@depth=\count93
\c@MaxMatrixCols=\count94
\dotsspace@=\muskip10
\c@parentequation=\count95
\dspbrk@lvl=\count96
\tag@help=\toks15
\row@=\count97
\column@=\count98
\maxfields@=\count99
\andhelp@=\toks16
\eqnshift@=\dimen106
\alignsep@=\dimen107
\tagshift@=\dimen108
\tagwidth@=\dimen109
\totwidth@=\dimen110
\lineht@=\dimen111
\@envbody=\toks17
\multlinegap=\skip45
\multlinetaggap=\skip46
\mathdisplay@stack=\toks18
LaTeX Info: Redefining \[ on input line 2817.
LaTeX Info: Redefining \] on input line 2818.
)
("C:\Program Files\MiKTeX 2.9\tex\latex\graphics\graphicx.sty"
Package: graphicx 2014/10/28 v1.0g Enhanced LaTeX Graphics (DPC,SPQR)

("C:\Program Files\MiKTeX 2.9\tex\latex\graphics\keyval.sty"
Package: keyval 2014/10/28 v1.15 key=value parser (DPC)
\KV@toks@=\toks19
)
("C:\Program Files\MiKTeX 2.9\tex\latex\graphics\graphics.sty"
Package: graphics 2017/04/14 v1.1b Standard LaTeX Graphics (DPC,SPQR)

("C:\Program Files\MiKTeX 2.9\tex\latex\graphics\trig.sty"
Package: trig 2016/01/03 v1.10 sin cos tan (DPC)
)
("C:\Program Files\MiKTeX 2.9\tex\latex\graphics-cfg\graphics.cfg"
File: graphics.cfg 2016/06/04 v1.11 sample graphics configuration
)
Package graphics Info: Driver file: pdftex.def on input line 99.

("C:\Program Files\MiKTeX 2.9\tex\latex\graphics-def\pdftex.def"
File: pdftex.def 2017/01/12 v0.06k Graphics/color for pdfTeX

("C:\Program Files\MiKTeX 2.9\tex\generic\oberdiek\infwarerr.sty"
Package: infwarerr 2016/05/16 v1.4 Providing info/warning/error messages (HO)
)
("C:\Program Files\MiKTeX 2.9\tex\generic\oberdiek\ltxcmds.sty"
Package: ltxcmds 2016/05/16 v1.23 LaTeX kernel commands for general use (HO)
)
\Gread@gobject=\count100
))
\Gin@req@height=\dimen112
\Gin@req@width=\dimen113
)
("C:\Program Files\MiKTeX 2.9\tex\latex\svg\svg.sty"
Package: svg 2018/11/12 v2.02b (include SVG pictures)

("C:\Program Files\MiKTeX 2.9\tex\latex\koma-script\scrbase.sty"
Package: scrbase 2019/02/01 v3.26b KOMA-Script package (KOMA-Script-independent
 basics and keyval usage)

("C:\Program Files\MiKTeX 2.9\tex\latex\koma-script\scrlfile.sty"
Package: scrlfile 2019/02/01 v3.26b KOMA-Script package (loading files)
))
("C:\Program Files\MiKTeX 2.9\tex\generic\oberdiek\ifpdf.sty"
Package: ifpdf 2017/03/15 v3.2 Provides the ifpdf switch
)
("C:\Program Files\MiKTeX 2.9\tex\generic\oberdiek\ifluatex.sty"
Package: ifluatex 2016/05/16 v1.4 Provides the ifluatex switch (HO)
Package ifluatex Info: LuaTeX not detected.
)
("C:\Program Files\MiKTeX 2.9\tex\generic\ifxetex\ifxetex.sty"
Package: ifxetex 2010/09/12 v0.6 Provides ifxetex conditional
)
("C:\Program Files\MiKTeX 2.9\tex\generic\oberdiek\pdftexcmds.sty"
Package: pdftexcmds 2017/03/19 v0.25 Utility functions of pdfTeX for LuaTeX (HO
)
Package pdftexcmds Info: LuaTeX not detected.
Package pdftexcmds Info: \pdf@primitive is available.
Package pdftexcmds Info: \pdf@ifprimitive is available.
Package pdftexcmds Info: \pdfdraftmode found.
)
("C:\Program Files\MiKTeX 2.9\tex\latex\tools\shellesc.sty"
Package: shellesc 2016/06/07 v0.02a unified shell escape interface for LaTeX
Package shellesc Info: Unrestricted shell escape enabled on input line 67.
)
("C:\Program Files\MiKTeX 2.9\tex\latex\trimspaces\trimspaces.sty"
Package: trimspaces 2009/09/17 v1.1 Trim spaces around a token list
)
\svg@box=\box28
\c@svg@param@lastpage=\count101
\c@svg@param@currpage=\count102

("C:\Program Files\MiKTeX 2.9\tex\latex\ifplatform\ifplatform.sty"
Package: ifplatform 2017/10/13 v0.4a Testing for the operating system

("C:\Program Files\MiKTeX 2.9\tex\generic\oberdiek\catchfile.sty"
Package: catchfile 2016/05/16 v1.7 Catch the contents of a file (HO)

("C:\Program Files\MiKTeX 2.9\tex\generic\oberdiek\etexcmds.sty"
Package: etexcmds 2016/05/16 v1.6 Avoid name clashes with e-TeX commands (HO)
Package etexcmds Info: Could not find \expanded.
(etexcmds)             That can mean that you are not using pdfTeX 1.50 or
(etexcmds)             that some package has redefined \expanded.
(etexcmds)             In the latter case, load this package earlier.
))))
("C:\Program Files\MiKTeX 2.9\tex\latex\xcolor\xcolor.sty"
Package: xcolor 2016/05/11 v2.12 LaTeX color extensions (UK)

("C:\Program Files\MiKTeX 2.9\tex\latex\graphics-cfg\color.cfg"
File: color.cfg 2016/01/02 v1.6 sample color configuration
)
Package xcolor Info: Driver file: pdftex.def on input line 225.
Package xcolor Info: Model `cmy' substituted by `cmy0' on input line 1348.
Package xcolor Info: Model `hsb' substituted by `rgb' on input line 1352.
Package xcolor Info: Model `RGB' extended on input line 1364.
Package xcolor Info: Model `HTML' substituted by `rgb' on input line 1366.
Package xcolor Info: Model `Hsb' substituted by `hsb' on input line 1367.
Package xcolor Info: Model `tHsb' substituted by `hsb' on input line 1368.
Package xcolor Info: Model `HSB' substituted by `hsb' on input line 1369.
Package xcolor Info: Model `Gray' substituted by `gray' on input line 1370.
Package xcolor Info: Model `wave' substituted by `hsb' on input line 1371.
)
("C:\Program Files\MiKTeX 2.9\tex\latex\oberdiek\transparent.sty"
Package: transparent 2016/05/16 v1.1 Transparency via pdfTeX's color stack (HO)


("C:\Program Files\MiKTeX 2.9\tex\latex\oberdiek\auxhook.sty"
Package: auxhook 2016/05/16 v1.4 Hooks for auxiliary files (HO)
))
("C:\Program Files\MiKTeX 2.9\tex\latex\hyperref\hyperref.sty"
Package: hyperref 2017/03/14 v6.85a Hypertext links for LaTeX

("C:\Program Files\MiKTeX 2.9\tex\generic\oberdiek\hobsub-hyperref.sty"
Package: hobsub-hyperref 2016/05/16 v1.14 Bundle oberdiek, subset hyperref (HO)


("C:\Program Files\MiKTeX 2.9\tex\generic\oberdiek\hobsub-generic.sty"
Package: hobsub-generic 2016/05/16 v1.14 Bundle oberdiek, subset generic (HO)
Package: hobsub 2016/05/16 v1.14 Construct package bundles (HO)
Package hobsub Info: Skipping package `infwarerr' (already loaded).
Package hobsub Info: Skipping package `ltxcmds' (already loaded).
Package hobsub Info: Skipping package `ifluatex' (already loaded).
Package: ifvtex 2016/05/16 v1.6 Detect VTeX and its facilities (HO)
Package ifvtex Info: VTeX not detected.
Package: intcalc 2016/05/16 v1.2 Expandable calculations with integers (HO)
Package hobsub Info: Skipping package `ifpdf' (already loaded).
Package hobsub Info: Skipping package `etexcmds' (already loaded).
Package: kvsetkeys 2016/05/16 v1.17 Key value parser (HO)
Package: kvdefinekeys 2016/05/16 v1.4 Define keys (HO)
Package hobsub Info: Skipping package `pdftexcmds' (already loaded).
Package: pdfescape 2016/05/16 v1.14 Implements pdfTeX's escape features (HO)
Package: bigintcalc 2016/05/16 v1.4 Expandable calculations on big integers (HO
)
Package: bitset 2016/05/16 v1.2 Handle bit-vector datatype (HO)
Package: uniquecounter 2016/05/16 v1.3 Provide unlimited unique counter (HO)
)
Package hobsub Info: Skipping package `hobsub' (already loaded).
Package: letltxmacro 2016/05/16 v1.5 Let assignment for LaTeX macros (HO)
Package: hopatch 2016/05/16 v1.3 Wrapper for package hooks (HO)
Package: xcolor-patch 2016/05/16 xcolor patch
Package: atveryend 2016/05/16 v1.9 Hooks at the very end of document (HO)
Package atveryend Info: \enddocument detected (standard20110627).
Package: atbegshi 2016/06/09 v1.18 At begin shipout hook (HO)
Package: refcount 2016/05/16 v3.5 Data extraction from label references (HO)
Package: hycolor 2016/05/16 v1.8 Color options for hyperref/bookmark (HO)
)
("C:\Program Files\MiKTeX 2.9\tex\latex\oberdiek\kvoptions.sty"
Package: kvoptions 2016/05/16 v3.12 Key value format for package options (HO)
)
\@linkdim=\dimen114
\Hy@linkcounter=\count103
\Hy@pagecounter=\count104

("C:\Program Files\MiKTeX 2.9\tex\latex\hyperref\pd1enc.def"
File: pd1enc.def 2017/03/14 v6.85a Hyperref: PDFDocEncoding definition (HO)
)
\Hy@SavedSpaceFactor=\count105

("C:\Program Files\MiKTeX 2.9\tex\latex\00miktex\hyperref.cfg"
File: hyperref.cfg 2002/06/06 v1.2 hyperref configuration of TeXLive
)
Package hyperref Info: Hyper figures OFF on input line 4498.
Package hyperref Info: Link nesting OFF on input line 4503.
Package hyperref Info: Hyper index ON on input line 4506.
Package hyperref Info: Plain pages OFF on input line 4513.
Package hyperref Info: Backreferencing OFF on input line 4518.
Package hyperref Info: Implicit mode ON; LaTeX internals redefined.
Package hyperref Info: Bookmarks ON on input line 4751.
\c@Hy@tempcnt=\count106

("C:\Program Files\MiKTeX 2.9\tex\latex\url\url.sty"
\Urlmuskip=\muskip11
Package: url 2013/09/16  ver 3.4  Verb mode for urls, etc.
)
LaTeX Info: Redefining \url on input line 5104.
\XeTeXLinkMargin=\dimen115
\Fld@menulength=\count107
\Field@Width=\dimen116
\Fld@charsize=\dimen117
Package hyperref Info: Hyper figures OFF on input line 6358.
Package hyperref Info: Link nesting OFF on input line 6363.
Package hyperref Info: Hyper index ON on input line 6366.
Package hyperref Info: backreferencing OFF on input line 6373.
Package hyperref Info: Link coloring OFF on input line 6378.
Package hyperref Info: Link coloring with OCG OFF on input line 6383.
Package hyperref Info: PDF/A mode OFF on input line 6388.
LaTeX Info: Redefining \ref on input line 6428.
LaTeX Info: Redefining \pageref on input line 6432.
\Hy@abspage=\count108
\c@Item=\count109
\c@Hfootnote=\count110
)

Package hyperref Message: Driver (autodetected): hpdftex.

("C:\Program Files\MiKTeX 2.9\tex\latex\hyperref\hpdftex.def"
File: hpdftex.def 2017/03/14 v6.85a Hyperref driver for pdfTeX
\Fld@listcount=\count111
\c@bookmark@seq@number=\count112

("C:\Program Files\MiKTeX 2.9\tex\latex\oberdiek\rerunfilecheck.sty"
Package: rerunfilecheck 2016/05/16 v1.8 Rerun checks for auxiliary files (HO)
Package uniquecounter Info: New unique counter `rerunfilecheck' on input line 2
82.
)
\Hy@SectionHShift=\skip47
)
("C:\Program Files\MiKTeX 2.9\tex\latex\multirow\multirow.sty"
Package: multirow 2016/11/25 v2.2 Span multiple rows of a table
\multirow@colwidth=\skip48
\multirow@cntb=\count113
\multirow@dima=\skip49
\bigstrutjot=\dimen118
)
("C:\Program Files\MiKTeX 2.9\tex\latex\adjustbox\adjustbox.sty"
Package: adjustbox 2019/01/04 v1.2 Adjusting TeX boxes (trim, clip, ...)

("C:\Program Files\MiKTeX 2.9\tex\latex\xkeyval\xkeyval.sty"
Package: xkeyval 2014/12/03 v2.7a package option processing (HA)

("C:\Program Files\MiKTeX 2.9\tex\generic\xkeyval\xkeyval.tex"
("C:\Program Files\MiKTeX 2.9\tex\generic\xkeyval\xkvutils.tex"
\XKV@toks=\toks20
\XKV@tempa@toks=\toks21
)
\XKV@depth=\count114
File: xkeyval.tex 2014/12/03 v2.7a key=value parser (HA)
))
("C:\Program Files\MiKTeX 2.9\tex\latex\adjustbox\adjcalc.sty"
Package: adjcalc 2012/05/16 v1.1 Provides advanced setlength with multiple back
-ends (calc, etex, pgfmath)
)
("C:\Program Files\MiKTeX 2.9\tex\latex\adjustbox\trimclip.sty"
Package: trimclip 2018/04/08 v1.1 Trim and clip general TeX material

("C:\Program Files\MiKTeX 2.9\tex\latex\collectbox\collectbox.sty"
Package: collectbox 2012/05/17 v0.4b Collect macro arguments as boxes
\collectedbox=\box29
)
\tc@llx=\dimen119
\tc@lly=\dimen120
\tc@urx=\dimen121
\tc@ury=\dimen122
Package trimclip Info: Using driver 'tc-pdftex.def'.

("C:\Program Files\MiKTeX 2.9\tex\latex\adjustbox\tc-pdftex.def"
File: tc-pdftex.def 2019/01/04 v2.2 Clipping driver for pdftex
))
\adjbox@Width=\dimen123
\adjbox@Height=\dimen124
\adjbox@Depth=\dimen125
\adjbox@Totalheight=\dimen126
\adjbox@pwidth=\dimen127
\adjbox@pheight=\dimen128
\adjbox@pdepth=\dimen129
\adjbox@ptotalheight=\dimen130

("C:\Program Files\MiKTeX 2.9\tex\latex\ifoddpage\ifoddpage.sty"
Package: ifoddpage 2016/04/23 v1.1 Conditionals for odd/even page detection
\c@checkoddpage=\count115
)
("C:\Program Files\MiKTeX 2.9\tex\latex\ltxmisc\varwidth.sty"
Package: varwidth 2009/03/30 ver 0.92;  Variable-width minipages
\@vwid@box=\box30
\sift@deathcycles=\count116
\@vwid@loff=\dimen131
\@vwid@roff=\dimen132
))
("C:\Program Files\MiKTeX 2.9\tex\latex\colortbl\colortbl.sty"
Package: colortbl 2018/12/12 v1.0d Color table columns (DPC)

("C:\Program Files\MiKTeX 2.9\tex\latex\tools\array.sty"
Package: array 2016/10/06 v2.4d Tabular extension package (FMi)
\col@sep=\dimen133
\extrarowheight=\dimen134
\NC@list=\toks22
\extratabsurround=\skip50
\backup@length=\skip51
)
\everycr=\toks23
\minrowclearance=\skip52
)
("C:\Program Files\MiKTeX 2.9\tex\latex\booktabs\booktabs.sty"
Package: booktabs 2005/04/14 v1.61803 publication quality tables
\heavyrulewidth=\dimen135
\lightrulewidth=\dimen136
\cmidrulewidth=\dimen137
\belowrulesep=\dimen138
\belowbottomsep=\dimen139
\aboverulesep=\dimen140
\abovetopsep=\dimen141
\cmidrulesep=\dimen142
\cmidrulekern=\dimen143
\defaultaddspace=\dimen144
\@cmidla=\count117
\@cmidlb=\count118
\@aboverulesep=\dimen145
\@belowrulesep=\dimen146
\@thisruleclass=\count119
\@lastruleclass=\count120
\@thisrulewidth=\dimen147
)
("C:\Program Files\MiKTeX 2.9\tex\latex\setspace\setspace.sty"
Package: setspace 2011/12/19 v6.7a set line spacing
)
("C:\Program Files\MiKTeX 2.9\tex\latex\tools\hhline.sty"
Package: hhline 2014/10/28 v2.03 Table rule package (DPC)
)
("C:\Program Files\MiKTeX 2.9\tex\latex\shipunov\boldline.sty"
Package: boldline 2008/02/04 v0.2 Adjust line width in tables
)
("C:\Program Files\MiKTeX 2.9\tex\latex\enumitem\enumitem.sty"
Package: enumitem 2019/06/20 v3.9 Customized lists
\labelindent=\skip53
\enit@outerparindent=\dimen148
\enit@toks=\toks24
\enit@inbox=\box31
\enit@count@id=\count121
\enitdp@description=\count122
)
("C:\Program Files\MiKTeX 2.9\tex\latex\makecell\makecell.sty"
Package: makecell 2009/08/03 V0.1e Managing of Tab Column Heads and Cells
\rotheadsize=\dimen149
\c@nlinenum=\count123
\TeXr@lab=\toks25
)
("C:\Program Files\MiKTeX 2.9\tex\latex\oberdiek\epstopdf.sty"
Package: epstopdf 2016/05/15 v2.6 Conversion with epstopdf on the fly (HO)

("C:\Program Files\MiKTeX 2.9\tex\latex\oberdiek\epstopdf-base.sty"
Package: epstopdf-base 2016/05/15 v2.6 Base part for package epstopdf

("C:\Program Files\MiKTeX 2.9\tex\latex\oberdiek\grfext.sty"
Package: grfext 2016/05/16 v1.2 Manage graphics extensions (HO)
)
Package epstopdf-base Info: Redefining graphics rule for `.eps' on input line 4
38.
Package grfext Info: Graphics extension search list:
(grfext)             [.png,.pdf,.jpg,.mps,.jpeg,.jbig2,.jb2,.PNG,.PDF,.JPG,.JPE
G,.JBIG2,.JB2,.eps]
(grfext)             \AppendGraphicsExtensions on input line 456.
))
(100883933_Berezny_NJ.aux

LaTeX Warning: Label `tab:config' multiply defined.


LaTeX Warning: Label `fig:actuator' multiply defined.


LaTeX Warning: Label `tab:belt' multiply defined.


LaTeX Warning: Label `fig:pcb' multiply defined.


LaTeX Warning: Label `fig:pcb' multiply defined.


LaTeX Warning: Label `fig:pcb' multiply defined.


LaTeX Warning: Label `fig:pcb' multiply defined.

)
\openout1 = `100883933_Berezny_NJ.aux'.

LaTeX Font Info:    Checking defaults for OML/cmm/m/it on input line 33.
LaTeX Font Info:    ... okay on input line 33.
LaTeX Font Info:    Checking defaults for T1/cmr/m/n on input line 33.
LaTeX Font Info:    ... okay on input line 33.
LaTeX Font Info:    Checking defaults for OT1/cmr/m/n on input line 33.
LaTeX Font Info:    ... okay on input line 33.
LaTeX Font Info:    Checking defaults for OMS/cmsy/m/n on input line 33.
LaTeX Font Info:    ... okay on input line 33.
LaTeX Font Info:    Checking defaults for OMX/cmex/m/n on input line 33.
LaTeX Font Info:    ... okay on input line 33.
LaTeX Font Info:    Checking defaults for U/cmr/m/n on input line 33.
LaTeX Font Info:    ... okay on input line 33.
LaTeX Font Info:    Checking defaults for PD1/pdf/m/n on input line 33.
LaTeX Font Info:    ... okay on input line 33.
LaTeX Info: Redefining \celsius on input line 33.
Package gensymb Info: Faking symbols for \degree and \celsius on input line 33.



Package gensymb Warning: Not defining \perthousand.

LaTeX Info: Redefining \ohm on input line 33.
Package gensymb Info: Using \Omega for \ohm on input line 33.

Package gensymb Warning: Not defining \micro.

("C:\Program Files\MiKTeX 2.9\tex\context\base\supp-pdf.mkii"
[Loading MPS to PDF converter (version 2006.09.02).]
\scratchcounter=\count124
\scratchdimen=\dimen150
\scratchbox=\box32
\nofMPsegments=\count125
\nofMParguments=\count126
\everyMPshowfont=\toks26
\MPscratchCnt=\count127
\MPscratchDim=\dimen151
\MPnumerator=\count128
\makeMPintoPDFobject=\count129
\everyMPtoPDFconversion=\toks27
)
\AtBeginShipoutBox=\box33
Package hyperref Info: Link coloring OFF on input line 33.
 ("C:\Program Files\MiKTeX 2.9\tex\latex\hyperref\nameref.sty"
Package: nameref 2016/05/21 v2.44 Cross-referencing by name of section

("C:\Program Files\MiKTeX 2.9\tex\generic\oberdiek\gettitlestring.sty"
Package: gettitlestring 2016/05/16 v1.5 Cleanup title references (HO)
)
\c@section@level=\count130
)
LaTeX Info: Redefining \ref on input line 33.
LaTeX Info: Redefining \pageref on input line 33.
LaTeX Info: Redefining \nameref on input line 33.

(100883933_Berezny_NJ.out) (100883933_Berezny_NJ.out)
\@outlinefile=\write3
\openout3 = `100883933_Berezny_NJ.out'.

LaTeX Font Info:    Try loading font information for OMS+cmr on input line 63.

("C:\Program Files\MiKTeX 2.9\tex\latex\base\omscmr.fd"
File: omscmr.fd 2014/09/29 v2.5h Standard LaTeX font definitions
)
LaTeX Font Info:    Font shape `OMS/cmr/m/n' in size <12> not available
(Font)              Font shape `OMS/cmsy/m/n' tried instead on input line 63.
 [1

{C:/ProgramData/MiKTeX/2.9/pdftex/config/pdftex.map}] [1


] [2] [3

] (100883933_Berezny_NJ.toc
[4

] [5] [6])
\tf@toc=\write4
\openout4 = `100883933_Berezny_NJ.toc'.

 [7] (100883933_Berezny_NJ.lof [8

] [9] [10])
\tf@lof=\write5
\openout5 = `100883933_Berezny_NJ.lof'.

 [11]
(100883933_Berezny_NJ.lot)
\tf@lot=\write6
\openout6 = `100883933_Berezny_NJ.lot'.

 [12

] [13

]
Chapter 1.
pdfTeX warning (ext4): destination with the same identifier (name{page.1}) has 
been already used, duplicate ignored
<to be read again> 
                   \relax 
l.124 
       [1

] [2] <pics/leg_lift.png, id=676, 390.258pt x 248.127pt>
File: pics/leg_lift.png Graphic file (type png)

<use pics/leg_lift.png>
Package pdftex.def Info: pics/leg_lift.png used on input line 145.
(pdftex.def)             Requested size: 281.85587pt x 179.20784pt.


LaTeX Warning: `h' float specifier changed to `ht'.

<pics/knee_extension.png, id=678, 369.0588pt x 265.9536pt>
File: pics/knee_extension.png Graphic file (type png)

<use pics/knee_extension.png>
Package pdftex.def Info: pics/knee_extension.png used on input line 152.
(pdftex.def)             Requested size: 281.85587pt x 203.12512pt.


LaTeX Warning: `h' float specifier changed to `ht'.

[3] <pics/Traditional_therapy.png, id=693, 663.9204pt x 131.5314pt>
File: pics/Traditional_therapy.png Graphic file (type png)

<use pics/Traditional_therapy.png>
Package pdftex.def Info: pics/Traditional_therapy.png used on input line 162.
(pdftex.def)             Requested size: 469.75502pt x 93.0648pt.


LaTeX Warning: `h' float specifier changed to `ht'.

[4 <./pics/leg_lift.png>] <pics/guidelines.png, id=705, 529.98pt x 177.7842pt>
File: pics/guidelines.png Graphic file (type png)

<use pics/guidelines.png>
Package pdftex.def Info: pics/guidelines.png used on input line 176.
(pdftex.def)             Requested size: 352.31625pt x 118.18701pt.


LaTeX Warning: `h' float specifier changed to `ht'.

[5 <./pics/knee_extension.png> <./pics/Traditional_therapy.png>] [6 <./pics/gui
delines.png>] [7]
<pics/endplate_exoskeleton.png, id=746, 582.4962pt x 251.0178pt>
File: pics/endplate_exoskeleton.png Graphic file (type png)

<use pics/endplate_exoskeleton.png>
Package pdftex.def Info: pics/endplate_exoskeleton.png used on input line 228.
(pdftex.def)             Requested size: 375.80544pt x 161.95311pt.


LaTeX Warning: `h' float specifier changed to `ht'.

[8] [9 <./pics/endplate_exoskeleton.png>]
<pics/Lokomat.png, id=766, 1116.17pt x 843.15pt>
File: pics/Lokomat.png Graphic file (type png)
 <use pics/Lokomat.png>
Package pdftex.def Info: pics/Lokomat.png used on input line 251.
(pdftex.def)             Requested size: 352.31625pt x 266.134pt.

[10 <./pics/Lokomat.png>]
<pics/Hapticwalker.jpg, id=777, 454.69875pt x 401.5pt>
File: pics/Hapticwalker.jpg Graphic file (type jpg)

<use pics/Hapticwalker.jpg>
Package pdftex.def Info: pics/Hapticwalker.jpg used on input line 267.
(pdftex.def)             Requested size: 328.82707pt x 290.36018pt.
 [11 <./pics/Hapticwalker.jpg>]
<pics/Motionmaker.png, id=790, 204.765pt x 141.4083pt>
File: pics/Motionmaker.png Graphic file (type png)

<use pics/Motionmaker.png>
Package pdftex.def Info: pics/Motionmaker.png used on input line 288.
(pdftex.def)             Requested size: 352.31625pt x 243.32106pt.


LaTeX Warning: `h' float specifier changed to `ht'.

<pics/Lambda.jpg, id=793, 246.375pt x 137.97pt>
File: pics/Lambda.jpg Graphic file (type jpg)
 <use pics/Lambda.jpg>
Package pdftex.def Info: pics/Lambda.jpg used on input line 297.
(pdftex.def)             Requested size: 352.31625pt x 197.32085pt.
 [12]
[13 <./pics/Motionmaker.png>]
<pics/Vigrr.jpg, id=813, 227.04292pt x 146.45868pt>
File: pics/Vigrr.jpg Graphic file (type jpg)
 <use pics/Vigrr.jpg>
Package pdftex.def Info: pics/Vigrr.jpg used on input line 311.
(pdftex.def)             Requested size: 352.31625pt x 227.27899pt.

[14 <./pics/Lambda.jpg>] [15 <./pics/Vigrr.jpg>] [16] [17] [18] [19] [20]
[21]
Chapter 2.
[22

] <pics/design_diagram.png, id=890, 745.3446pt x 136.3494pt>
File: pics/design_diagram.png Graphic file (type png)

<use pics/design_diagram.png>
Package pdftex.def Info: pics/design_diagram.png used on input line 430.
(pdftex.def)             Requested size: 469.75502pt x 85.93593pt.
 [23 <./pics/design_diagram.png>] [24] [25]
[26] [27] [28]

LaTeX Warning: No positions in optional float specifier.
               Default added (so using `tbp') on input line 580.

<pics/off-bed.png, id=948, 463.9734pt x 150.3216pt>
File: pics/off-bed.png Graphic file (type png)
 <use pics/off-bed.png>
Package pdftex.def Info: pics/off-bed.png used on input line 600.
(pdftex.def)             Requested size: 352.31625pt x 114.14465pt.

[29] <pics/on-bed.png, id=954, 395.5578pt x 203.3196pt>
File: pics/on-bed.png Graphic file (type png)
 <use pics/on-bed.png>
Package pdftex.def Info: pics/on-bed.png used on input line 609.
(pdftex.def)             Requested size: 352.31625pt x 181.10277pt.


LaTeX Warning: No positions in optional float specifier.
               Default added (so using `tbp') on input line 618.

[30 <./pics/off-bed.png>]
<pics/on-bed_moment.png, id=966, 185.0112pt x 278.9622pt>
File: pics/on-bed_moment.png Graphic file (type png)

<use pics/on-bed_moment.png>
Package pdftex.def Info: pics/on-bed_moment.png used on input line 640.
(pdftex.def)             Requested size: 140.92793pt x 212.50298pt.


LaTeX Warning: `h' float specifier changed to `ht'.

<pics/off-bed_moment.png, id=967, 439.4016pt x 185.9748pt>
File: pics/off-bed_moment.png Graphic file (type png)

<use pics/off-bed_moment.png>
Package pdftex.def Info: pics/off-bed_moment.png used on input line 648.
(pdftex.def)             Requested size: 281.85587pt x 119.29872pt.


LaTeX Warning: `h' float specifier changed to `ht'.

[31 <./pics/on-bed.png>] [32 <./pics/on-bed_moment.png> <./pics/off-bed_moment.
png>] <pics/device_pic1.jpg, id=981, 438.8897pt x 356.83313pt>
File: pics/device_pic1.jpg Graphic file (type jpg)

<use pics/device_pic1.jpg>
Package pdftex.def Info: pics/device_pic1.jpg used on input line 668.
(pdftex.def)             Requested size: 469.75502pt x 381.93834pt.

<pics/robot_leg.jpg, id=982, 2314.89844pt x 1600.47937pt>
File: pics/robot_leg.jpg Graphic file (type jpg)

<use pics/robot_leg.jpg>
Package pdftex.def Info: pics/robot_leg.jpg used on input line 676.
(pdftex.def)             Requested size: 469.75502pt x 324.7791pt.


LaTeX Warning: `h' float specifier changed to `ht'.

[33 <./pics/device_pic1.jpg>] [34 <./pics/robot_leg.jpg>]
Chapter 3.
<pics/robo_test1.png, id=992, 933.4875pt x 617.30624pt>
File: pics/robo_test1.png Graphic file (type png)

<use pics/robo_test1.png>
Package pdftex.def Info: pics/robo_test1.png used on input line 698.
(pdftex.def)             Requested size: 469.75502pt x 310.64926pt.


LaTeX Warning: `h' float specifier changed to `ht'.

[35

] <pics/frame.png, id=999, 683.1924pt x 406.1574pt>
File: pics/frame.png Graphic file (type png)
 <use pics/frame.png>
Package pdftex.def Info: pics/frame.png used on input line 713.
(pdftex.def)             Requested size: 469.75502pt x 279.2697pt.


LaTeX Warning: `h' float specifier changed to `ht'.

<pics/footplate_label.png, id=1001, 647.5392pt x 537.6888pt>
File: pics/footplate_label.png Graphic file (type png)

<use pics/footplate_label.png>
Package pdftex.def Info: pics/footplate_label.png used on input line 729.
(pdftex.def)             Requested size: 469.75502pt x 390.06464pt.


LaTeX Warning: `h' float specifier changed to `ht'.

[36 <./pics/robo_test1.png>]
<pics/actuator.png, id=1006, 660.066pt x 365.6862pt>
File: pics/actuator.png Graphic file (type png)
 <use pics/actuator.png>
Package pdftex.def Info: pics/actuator.png used on input line 742.
(pdftex.def)             Requested size: 469.75502pt x 260.24722pt.


LaTeX Warning: `h' float specifier changed to `ht'.

[37 <./pics/frame.png>] [38 <./pics/footplate_label.png>]

LaTeX Warning: `h' float specifier changed to `ht'.


LaTeX Warning: `h' float specifier changed to `ht'.

[39 <./pics/actuator.png>] [40] [41]
<pics/Motor_setup.png, id=1034, 837.8502pt x 535.2798pt>
File: pics/Motor_setup.png Graphic file (type png)

<use pics/Motor_setup.png>
Package pdftex.def Info: pics/Motor_setup.png used on input line 852.
(pdftex.def)             Requested size: 422.77664pt x 270.09772pt.


LaTeX Warning: `h' float specifier changed to `ht'.

[42] <pics/amplifier2.png, id=1040, 1136.0844pt x 396.5214pt>
File: pics/amplifier2.png Graphic file (type png)

<use pics/amplifier2.png>
Package pdftex.def Info: pics/amplifier2.png used on input line 868.
(pdftex.def)             Requested size: 469.75502pt x 163.95432pt.
 [43 <./pics/Motor_setup.png>]
<pics/electronics_safety.png, id=1047, 590.6868pt x 406.1574pt>
File: pics/electronics_safety.png Graphic file (type png)

<use pics/electronics_safety.png>
Package pdftex.def Info: pics/electronics_safety.png used on input line 877.
(pdftex.def)             Requested size: 281.85587pt x 193.813pt.


LaTeX Warning: `h' float specifier changed to `ht'.

<pics/protoboard2.jpg, id=1048, 4047.12pt x 3035.34pt>
File: pics/protoboard2.jpg Graphic file (type jpg)

<use pics/protoboard2.jpg>
Package pdftex.def Info: pics/protoboard2.jpg used on input line 889.
(pdftex.def)             Requested size: 234.8775pt x 176.13783pt.

<pics/pcb_pic2.png, id=1049, 633.567pt x 441.8106pt>
File: pics/pcb_pic2.png Graphic file (type png)
 <use pics/pcb_pic2.png>
Package pdftex.def Info: pics/pcb_pic2.png used on input line 896.
(pdftex.def)             Requested size: 375.80544pt x 262.06148pt.

<pics/pcb_case.jpg, id=1052, 3035.34pt x 4047.12pt>
File: pics/pcb_case.jpg Graphic file (type jpg)
 <use pics/pcb_case.jpg>
Package pdftex.def Info: pics/pcb_case.jpg used on input line 912.
(pdftex.def)             Requested size: 352.31625pt x 469.70091pt.

[44 <./pics/amplifier2.png>]

LaTeX Warning: `h' float specifier changed to `ht'.


LaTeX Warning: `h' float specifier changed to `ht'.

[45 <./pics/electronics_safety.png>] [46 <./pics/protoboard2.jpg> <./pics/pcb_p
ic2.png>] <pics/computer_system.png, id=1071, 894.2208pt x 300.1614pt>
File: pics/computer_system.png Graphic file (type png)

<use pics/computer_system.png>
Package pdftex.def Info: pics/computer_system.png used on input line 972.
(pdftex.def)             Requested size: 469.75502pt x 157.68327pt.


LaTeX Warning: `h' float specifier changed to `ht'.

[47] [48 <./pics/pcb_case.jpg>] [49 <./pics/computer_system.png>]
Chapter 4.
[50

] <pics/admittance_sys.png, id=1093, 226.446pt x 109.3686pt>
File: pics/admittance_sys.png Graphic file (type png)

<use pics/admittance_sys.png>
Package pdftex.def Info: pics/admittance_sys.png used on input line 1003.
(pdftex.def)             Requested size: 234.8775pt x 113.44359pt.
 [51 <./pics/admittance_sys.png>] [52]
<pics/admittance_diagram.png, id=1115, 822.4326pt x 336.7782pt>
File: pics/admittance_diagram.png Graphic file (type png)

<use pics/admittance_diagram.png>
Package pdftex.def Info: pics/admittance_diagram.png used on input line 1067.
(pdftex.def)             Requested size: 469.75502pt x 192.36125pt.


LaTeX Warning: `h' float specifier changed to `ht'.

[53 <./pics/admittance_diagram.png>]
<pics/axis.png, id=1129, 520.344pt x 367.6134pt>
File: pics/axis.png Graphic file (type png)
 <use pics/axis.png>
Package pdftex.def Info: pics/axis.png used on input line 1116.
(pdftex.def)             Requested size: 281.85587pt x 199.1365pt.
 [54]
<pics/velocity_profile.png, id=1145, 714.9912pt x 387.849pt>
File: pics/velocity_profile.png Graphic file (type png)

<use pics/velocity_profile.png>
Package pdftex.def Info: pics/velocity_profile.png used on input line 1126.
(pdftex.def)             Requested size: 352.31625pt x 191.11884pt.


LaTeX Warning: `h' float specifier changed to `ht'.

[55 <./pics/axis.png>] [56 <./pics/velocity_profile.png>]
<pics/phantom.jpg, id=1158, 903.375pt x 495.8525pt>
File: pics/phantom.jpg Graphic file (type jpg)
 <use pics/phantom.jpg>
Package pdftex.def Info: pics/phantom.jpg used on input line 1151.
(pdftex.def)             Requested size: 281.85587pt x 154.71141pt.

[57 <./pics/phantom.jpg>]
<pics/haptics_admittance.png, id=1169, 428.3202pt x 99.7326pt>
File: pics/haptics_admittance.png Graphic file (type png)

<use pics/haptics_admittance.png>
Package pdftex.def Info: pics/haptics_admittance.png used on input line 1169.
(pdftex.def)             Requested size: 352.31625pt x 82.03539pt.

<pics/haptic_admittance_coupling.png, id=1171, 562.7424pt x 103.1052pt>
File: pics/haptic_admittance_coupling.png Graphic file (type png)

<use pics/haptic_admittance_coupling.png>
Package pdftex.def Info: pics/haptic_admittance_coupling.png used on input line
 1178.
(pdftex.def)             Requested size: 469.75502pt x 86.07127pt.
 [58 <./pics/haptics_admittance.png> <./pics/haptic_admittance_coupling.png>]
Underfull \hbox (badness 10000) in paragraph at lines 1188--1189

 []

<pics/control_diagram3.png, id=1178, 871.5762pt x 336.7782pt>
File: pics/control_diagram3.png Graphic file (type png)

<use pics/control_diagram3.png>
Package pdftex.def Info: pics/control_diagram3.png used on input line 1217.
(pdftex.def)             Requested size: 469.75502pt x 181.51321pt.

<pics/haptic_coupling_original.png, id=1181, 130.5678pt x 109.3686pt>
File: pics/haptic_coupling_original.png Graphic file (type png)

<use pics/haptic_coupling_original.png>
Package pdftex.def Info: pics/haptic_coupling_original.png used on input line 1
228.
(pdftex.def)             Requested size: 140.92793pt x 118.04955pt.


LaTeX Warning: `h' float specifier changed to `ht'.

[59 <./pics/control_diagram3.png>]
<pics/haptic_coupling.png, id=1189, 120.45pt x 156.1032pt>
File: pics/haptic_coupling.png Graphic file (type png)

<use pics/haptic_coupling.png>
Package pdftex.def Info: pics/haptic_coupling.png used on input line 1237.
(pdftex.def)             Requested size: 140.92793pt x 182.65904pt.
 [60 <./pics/haptic_coupling_original.png> <./pics/haptic_coupling.png>] [61] [
62] [63] [64] [65]
<pics/software.png, id=1248, 933.7284pt x 236.082pt>
File: pics/software.png Graphic file (type png)
 <use pics/software.png>
Package pdftex.def Info: pics/software.png used on input line 1405.
(pdftex.def)             Requested size: 469.75502pt x 118.77197pt.


LaTeX Warning: `h' float specifier changed to `ht'.

[66] [67 <./pics/software.png>] [68] [69] [70] [71]
<pics/UI_menu_label.png, id=1305, 794.97pt x 511.1898pt>
File: pics/UI_menu_label.png Graphic file (type png)

<use pics/UI_menu_label.png>
Package pdftex.def Info: pics/UI_menu_label.png used on input line 1515.
(pdftex.def)             Requested size: 422.77664pt x 271.86531pt.
 [72 <./pics/UI_menu_label.png>]
<pics/UI_trajectory.png, id=1314, 497.2176pt x 290.5254pt>
File: pics/UI_trajectory.png Graphic file (type png)

<use pics/UI_trajectory.png>
Package pdftex.def Info: pics/UI_trajectory.png used on input line 1530.
(pdftex.def)             Requested size: 352.31625pt x 205.87106pt.

<pics/axis_leg.png, id=1315, 708.7278pt x 397.9668pt>
File: pics/axis_leg.png Graphic file (type png)
 <use pics/axis_leg.png>
Package pdftex.def Info: pics/axis_leg.png used on input line 1537.
(pdftex.def)             Requested size: 469.75502pt x 263.77623pt.


LaTeX Warning: `h' float specifier changed to `ht'.

[73 <./pics/UI_trajectory.png>] [74 <./pics/axis_leg.png>]
<pics/UI_game_label.png, id=1328, 769.9164pt x 486.1362pt>
File: pics/UI_game_label.png Graphic file (type png)

<use pics/UI_game_label.png>
Package pdftex.def Info: pics/UI_game_label.png used on input line 1565.
(pdftex.def)             Requested size: 469.75502pt x 296.6094pt.

<pics/balance_game.png, id=1329, 286.82156pt x 162.6075pt>
File: pics/balance_game.png Graphic file (type png)

<use pics/balance_game.png>
Package pdftex.def Info: pics/balance_game.png used on input line 1575.
(pdftex.def)             Requested size: 352.31625pt x 199.74303pt.


LaTeX Warning: `h' float specifier changed to `ht'.

[75 <./pics/UI_game_label.png>] [76 <./pics/balance_game.png>]
Chapter 5.
Missing character: There is no ‚ in font cmbx12!
Missing character: There is no Ä in font cmbx12!
Missing character: There is no ì in font cmbx12!
Missing character: There is no ‚ in font cmbx12!
Missing character: There is no Ä in font cmbx12!
Missing character: There is no ì in font cmbx12!
[77

] [78] [79] [80]
<pics/Mar12_NoForce_Step_Plot.png, id=1359, 421.575pt x 316.18124pt>
File: pics/Mar12_NoForce_Step_Plot.png Graphic file (type png)

<use pics/Mar12_NoForce_Step_Plot.png>
Package pdftex.def Info: pics/Mar12_NoForce_Step_Plot.png used on input line 16
82.
(pdftex.def)             Requested size: 422.77664pt x 317.08746pt.

<pics/admittance_sim.png, id=1361, 421.575pt x 316.18124pt>
File: pics/admittance_sim.png Graphic file (type png)

<use pics/admittance_sim.png>
Package pdftex.def Info: pics/admittance_sim.png used on input line 1691.
(pdftex.def)             Requested size: 422.77664pt x 317.08746pt.


LaTeX Warning: `h' float specifier changed to `ht'.

[81 <./pics/Mar12_NoForce_Step_Plot.png>]
<pics/time_jitter.png, id=1368, 421.575pt x 316.18124pt>
File: pics/time_jitter.png Graphic file (type png)

<use pics/time_jitter.png>
Package pdftex.def Info: pics/time_jitter.png used on input line 1705.
(pdftex.def)             Requested size: 422.77664pt x 317.08746pt.
 [82 <./pics/admittance_sim.png (PNG copy)>] [83 <./pics/time_jitter.png (PNG c
opy)>] [84]
<pics/questionnaire_p1.png, id=1385, 855.94781pt x 1044.90375pt>
File: pics/questionnaire_p1.png Graphic file (type png)

<use pics/questionnaire_p1.png>
Package pdftex.def Info: pics/questionnaire_p1.png used on input line 1763.
(pdftex.def)             Requested size: 469.75502pt x 573.45522pt.

<pics/questionnaire_p2.png, id=1386, 863.47594pt x 1052.43187pt>
File: pics/questionnaire_p2.png Graphic file (type png)

<use pics/questionnaire_p2.png>
Package pdftex.def Info: pics/questionnaire_p2.png used on input line 1770.
(pdftex.def)             Requested size: 469.75502pt x 572.54428pt.

<pics/questionnaire_p3.png, id=1387, 898.10532pt x 1059.20718pt>
File: pics/questionnaire_p3.png Graphic file (type png)

<use pics/questionnaire_p3.png>
Package pdftex.def Info: pics/questionnaire_p3.png used on input line 1777.
(pdftex.def)             Requested size: 469.75502pt x 554.02335pt.
 [85] [86 <./pics/questionnaire_p1.png>]
[87 <./pics/questionnaire_p2.png>] [88 <./pics/questionnaire_p3.png>]
Package epstopdf Info: Source file: <pics/err_assist.eps>
(epstopdf)                    date: 2019-07-24 17:01:25
(epstopdf)                    size: 63419 bytes
(epstopdf)             Output file: <./err_assist-eps-converted-to.pdf>
(epstopdf)                    date: 2019-08-28 11:27:50
(epstopdf)                    size: 28613 bytes
(epstopdf)             Command: <epstopdf --outfile=./err_assist-eps-converted-
to.pdf pics/err_assist.eps>
(epstopdf)             \includegraphics on input line 1836.
Package epstopdf Info: Output file is already uptodate.

<./err_assist-eps-converted-to.pdf, id=1412, 310.15875pt x 204.765pt>
File: ./err_assist-eps-converted-to.pdf Graphic file (type pdf)

<use ./err_assist-eps-converted-to.pdf>
Package pdftex.def Info: ./err_assist-eps-converted-to.pdf used on input line 1
836.
(pdftex.def)             Requested size: 281.85587pt x 186.08022pt.
Package epstopdf Info: Source file: <pics/eff_assist.eps>
(epstopdf)                    date: 2019-09-28 17:38:43
(epstopdf)                    size: 69912 bytes
(epstopdf)             Output file: <./eff_assist-eps-converted-to.pdf>
(epstopdf)                    date: 2019-09-28 17:39:09
(epstopdf)                    size: 32827 bytes
(epstopdf)             Command: <epstopdf --outfile=./eff_assist-eps-converted-
to.pdf pics/eff_assist.eps>
(epstopdf)             \includegraphics on input line 1837.
Package epstopdf Info: Output file is already uptodate.

<./eff_assist-eps-converted-to.pdf, id=1413, 313.17pt x 204.765pt>
File: ./eff_assist-eps-converted-to.pdf Graphic file (type pdf)

<use ./eff_assist-eps-converted-to.pdf>
Package pdftex.def Info: ./eff_assist-eps-converted-to.pdf used on input line 1
837.
(pdftex.def)             Requested size: 281.85587pt x 184.29614pt.
Package epstopdf Info: Source file: <pics/diff_assist.eps>
(epstopdf)                    date: 2019-08-28 11:28:51
(epstopdf)                    size: 62640 bytes
(epstopdf)             Output file: <./diff_assist-eps-converted-to.pdf>
(epstopdf)                    date: 2019-08-28 11:29:09
(epstopdf)                    size: 27489 bytes
(epstopdf)             Command: <epstopdf --outfile=./diff_assist-eps-converted
-to.pdf pics/diff_assist.eps>
(epstopdf)             \includegraphics on input line 1838.
Package epstopdf Info: Output file is already uptodate.

<./diff_assist-eps-converted-to.pdf, id=1414, 305.14pt x 204.765pt>
File: ./diff_assist-eps-converted-to.pdf Graphic file (type pdf)

<use ./diff_assist-eps-converted-to.pdf>
Package pdftex.def Info: ./diff_assist-eps-converted-to.pdf used on input line 
1838.
(pdftex.def)             Requested size: 281.85587pt x 189.14844pt.
 [89] [90 <./err_assist-eps-converted-to.pdf> <./eff_assist-eps-converted-to.pd
f> <./diff_assist-eps-converted-to.pdf>]
Package epstopdf Info: Source file: <pics/position_comp.eps>
(epstopdf)                    date: 2019-07-24 17:16:16
(epstopdf)                    size: 211453 bytes
(epstopdf)             Output file: <./position_comp-eps-converted-to.pdf>
(epstopdf)                    date: 2019-07-31 13:36:50
(epstopdf)                    size: 82435 bytes
(epstopdf)             Command: <epstopdf --outfile=./position_comp-eps-convert
ed-to.pdf pics/position_comp.eps>
(epstopdf)             \includegraphics on input line 1857.
Package epstopdf Info: Output file is already uptodate.
 <./position_comp-eps-converted-to.pdf, id=1433, 319.1925pt x 270.00874pt>
File: ./position_comp-eps-converted-to.pdf Graphic file (type pdf)

<use ./position_comp-eps-converted-to.pdf>
Package pdftex.def Info: ./position_comp-eps-converted-to.pdf used on input lin
e 1857.
(pdftex.def)             Requested size: 422.77664pt x 357.63626pt.
 [91 <./position_comp-eps-converted-to.pdf>]
Package epstopdf Info: Source file: <pics/err_resist.eps>
(epstopdf)                    date: 2019-07-24 17:01:26
(epstopdf)                    size: 55163 bytes
(epstopdf)             Output file: <./err_resist-eps-converted-to.pdf>
(epstopdf)                    date: 2019-08-28 11:27:54
(epstopdf)                    size: 26189 bytes
(epstopdf)             Command: <epstopdf --outfile=./err_resist-eps-converted-
to.pdf pics/err_resist.eps>
(epstopdf)             \includegraphics on input line 1881.
Package epstopdf Info: Output file is already uptodate.
 <./err_resist-eps-converted-to.pdf, id=1442, 310.15875pt x 204.765pt>
File: ./err_resist-eps-converted-to.pdf Graphic file (type pdf)

<use ./err_resist-eps-converted-to.pdf>
Package pdftex.def Info: ./err_resist-eps-converted-to.pdf used on input line 1
881.
(pdftex.def)             Requested size: 281.85587pt x 186.08022pt.
Package epstopdf Info: Source file: <pics/eff_resist.eps>
(epstopdf)                    date: 2019-09-13 15:32:34
(epstopdf)                    size: 69700 bytes
(epstopdf)             Output file: <./eff_resist-eps-converted-to.pdf>
(epstopdf)                    date: 2019-09-27 18:01:52
(epstopdf)                    size: 31866 bytes
(epstopdf)             Command: <epstopdf --outfile=./eff_resist-eps-converted-
to.pdf pics/eff_resist.eps>
(epstopdf)             \includegraphics on input line 1882.
Package epstopdf Info: Output file is already uptodate.

<./eff_resist-eps-converted-to.pdf, id=1443, 313.17pt x 204.765pt>
File: ./eff_resist-eps-converted-to.pdf Graphic file (type pdf)

<use ./eff_resist-eps-converted-to.pdf>
Package pdftex.def Info: ./eff_resist-eps-converted-to.pdf used on input line 1
882.
(pdftex.def)             Requested size: 281.85587pt x 184.29614pt.
Package epstopdf Info: Source file: <pics/diff_resist.eps>
(epstopdf)                    date: 2019-08-28 11:28:51
(epstopdf)                    size: 64267 bytes
(epstopdf)             Output file: <./diff_resist-eps-converted-to.pdf>
(epstopdf)                    date: 2019-08-28 11:29:10
(epstopdf)                    size: 28308 bytes
(epstopdf)             Command: <epstopdf --outfile=./diff_resist-eps-converted
-to.pdf pics/diff_resist.eps>
(epstopdf)             \includegraphics on input line 1883.
Package epstopdf Info: Output file is already uptodate.

<./diff_resist-eps-converted-to.pdf, id=1444, 305.14pt x 204.765pt>
File: ./diff_resist-eps-converted-to.pdf Graphic file (type pdf)

<use ./diff_resist-eps-converted-to.pdf>
Package pdftex.def Info: ./diff_resist-eps-converted-to.pdf used on input line 
1883.
(pdftex.def)             Requested size: 281.85587pt x 189.14844pt.
 [92] [93 <./err_resist-eps-converted-to.pdf> <./eff_resist-eps-converted-to.pd
f> <./diff_resist-eps-converted-to.pdf>] [94] [95]
Chapter 6.
[96

] <pics/robot_cad.jpg, id=1481, 590.95781pt x 417.05812pt>
File: pics/robot_cad.jpg Graphic file (type jpg)

<use pics/robot_cad.jpg>
Package pdftex.def Info: pics/robot_cad.jpg used on input line 1991.
(pdftex.def)             Requested size: 422.77664pt x 298.37248pt.


LaTeX Warning: `h' float specifier changed to `ht'.

[97] [98 <./pics/robot_cad.jpg>] [99] [100] [101] [102]
(100883933_Berezny_NJ.bbl [103]
Missing character: There is no ‚ in font cmr12!
Missing character: There is no Ä in font cmr12!
Missing character: There is no ì in font cmr12!
 [104

]
LaTeX Font Info:    Try loading font information for OML+cmr on input line 86.

("C:\Program Files\MiKTeX 2.9\tex\latex\base\omlcmr.fd"
File: omlcmr.fd 2014/09/29 v2.5h Standard LaTeX font definitions
)
LaTeX Font Info:    Font shape `OML/cmr/m/n' in size <12> not available
(Font)              Font shape `OML/cmm/m/it' tried instead on input line 86.
 [105] [106]
Missing character: There is no ‚ in font cmr12!
Missing character: There is no Ñ in font cmr12!
Missing character: There is no ¢ in font cmr12!
Missing character: There is no ‚ in font cmr12!
Missing character: There is no Ä in font cmr12!
Missing character: There is no ú in font cmr12!
Missing character: There is no ‚ in font cmr12!
Missing character: There is no Ä in font cmr12!
Missing character: There is no ù in font cmr12!
 [107]
[108] [109]
Underfull \hbox (badness 10000) in paragraph at lines 302--306
[]\OT1/cmr/m/n/12 ``Z-transform.'' []$\OT1/cmtt/m/n/12 http : / / www . encyclo
pediaofmath . org / index . php ? title =
 []

[110]) [111] <pics/heelrest01.jpg, id=1585, 758.08218pt x 590.95781pt>
File: pics/heelrest01.jpg Graphic file (type jpg)

<use pics/heelrest01.jpg>
Package pdftex.def Info: pics/heelrest01.jpg used on input line 2109.
(pdftex.def)             Requested size: 422.77664pt x 329.5725pt.

<pics/pcb_case01.jpg, id=1586, 886.06032pt x 660.96938pt>
File: pics/pcb_case01.jpg Graphic file (type jpg)

<use pics/pcb_case01.jpg>
Package pdftex.def Info: pics/pcb_case01.jpg used on input line 2116.
(pdftex.def)             Requested size: 469.75502pt x 350.42303pt.


LaTeX Warning: `h' float specifier changed to `ht'.

<pics/bracket02.jpg, id=1587, 742.27313pt x 642.14906pt>
File: pics/bracket02.jpg Graphic file (type jpg)

<use pics/bracket02.jpg>
Package pdftex.def Info: pics/bracket02.jpg used on input line 2123.
(pdftex.def)             Requested size: 469.75502pt x 406.39815pt.


LaTeX Warning: `h' float specifier changed to `ht'.

<pics/ls_mount2.jpg, id=1588, 797.22844pt x 640.64343pt>
File: pics/ls_mount2.jpg Graphic file (type jpg)

<use pics/ls_mount2.jpg>
Package pdftex.def Info: pics/ls_mount2.jpg used on input line 2130.
(pdftex.def)             Requested size: 469.75502pt x 377.48758pt.


LaTeX Warning: `h' float specifier changed to `ht'.

<pics/motor_mount01.jpg, id=1589, 867.99281pt x 694.84593pt>
File: pics/motor_mount01.jpg Graphic file (type jpg)

<use pics/motor_mount01.jpg>
Package pdftex.def Info: pics/motor_mount01.jpg used on input line 2137.
(pdftex.def)             Requested size: 422.77664pt x 338.4418pt.


LaTeX Warning: `h' float specifier changed to `ht'.

[112

 <./pics/heelrest01.jpg>] [113 <./pics/pcb_case01.jpg>] [114 <./pics/bracket02.
jpg>] [115 <./pics/ls_mount2.jpg>] [116 <./pics/motor_mount01.jpg>]
<pics/pcb_schematic01_1.png, id=1612, 232.2276pt x 347.8596pt>
File: pics/pcb_schematic01_1.png Graphic file (type png)

<use pics/pcb_schematic01_1.png>
Package pdftex.def Info: pics/pcb_schematic01_1.png used on input line 2147.
(pdftex.def)             Requested size: 352.31625pt x 527.7595pt.


LaTeX Warning: `h' float specifier changed to `ht'.

<pics/pcb_schematic01_2.png, id=1613, 333.8874pt x 423.984pt>
File: pics/pcb_schematic01_2.png Graphic file (type png)

<use pics/pcb_schematic01_2.png>
Package pdftex.def Info: pics/pcb_schematic01_2.png used on input line 2154.
(pdftex.def)             Requested size: 375.80544pt x 477.22664pt.


LaTeX Warning: `h' float specifier changed to `ht'.

<pics/pcb_schematic02.png, id=1614, 520.1031pt x 252.7041pt>
File: pics/pcb_schematic02.png Graphic file (type png)

<use pics/pcb_schematic02.png>
Package pdftex.def Info: pics/pcb_schematic02.png used on input line 2161.
(pdftex.def)             Requested size: 469.75502pt x 228.24133pt.


LaTeX Warning: `h' float specifier changed to `ht'.

<pics/pcb_schematic03.png, id=1615, 225.7233pt x 250.7769pt>
File: pics/pcb_schematic03.png Graphic file (type png)

<use pics/pcb_schematic03.png>
Package pdftex.def Info: pics/pcb_schematic03.png used on input line 2169.
(pdftex.def)             Requested size: 281.85587pt x 313.14508pt.


LaTeX Warning: `h' float specifier changed to `ht'.

<pics/pcb_schematic04.png, id=1616, 205.7286pt x 434.3427pt>
File: pics/pcb_schematic04.png Graphic file (type png)

<use pics/pcb_schematic04.png>
Package pdftex.def Info: pics/pcb_schematic04.png used on input line 2177.
(pdftex.def)             Requested size: 281.85587pt x 595.09232pt.


LaTeX Warning: Float too large for page by 1.49562pt on input line 2180.


LaTeX Warning: `h' float specifier changed to `ht'.

<pics/pcb_pic.png, id=1617, 612.3678pt x 345.4506pt>
File: pics/pcb_pic.png Graphic file (type png)
 <use pics/pcb_pic.png>
Package pdftex.def Info: pics/pcb_pic.png used on input line 2185.
(pdftex.def)             Requested size: 469.75502pt x 265.0068pt.


LaTeX Warning: `h' float specifier changed to `ht'.

[117

] [118 <./pics/pcb_schematic01_1.png>] [119 <./pics/pcb_schematic01_2.png>] [12
0 <./pics/pcb_schematic02.png> <./pics/pcb_schematic03.png>] [121 <./pics/pcb_s
chematic04.png>] [122 <./pics/pcb_pic.png>]
<pics/Motor_range.png, id=1645, 417.05812pt x 316.18124pt>
File: pics/Motor_range.png Graphic file (type png)

<use pics/Motor_range.png>
Package pdftex.def Info: pics/Motor_range.png used on input line 2212.
(pdftex.def)             Requested size: 352.31625pt x 267.11497pt.

<pics/motor_spec.png, id=1646, 386.94562pt x 536.0025pt>
File: pics/motor_spec.png Graphic file (type png)

<use pics/motor_spec.png>
Package pdftex.def Info: pics/motor_spec.png used on input line 2219.
(pdftex.def)             Requested size: 469.75502pt x 650.71603pt.


LaTeX Warning: Float too large for page by 57.11934pt on input line 2222.


LaTeX Warning: `h' float specifier changed to `ht'.

<pics/gear_spec.png, id=1647, 386.94562pt x 417.05812pt>
File: pics/gear_spec.png Graphic file (type png)

<use pics/gear_spec.png>
Package pdftex.def Info: pics/gear_spec.png used on input line 2226.
(pdftex.def)             Requested size: 469.75502pt x 506.31555pt.


LaTeX Warning: `h' float specifier changed to `ht'.

<pics/encoder_spec.png, id=1648, 384.6872pt x 279.29344pt>
File: pics/encoder_spec.png Graphic file (type png)

<use pics/encoder_spec.png>
Package pdftex.def Info: pics/encoder_spec.png used on input line 2233.
(pdftex.def)             Requested size: 469.75502pt x 341.07843pt.


LaTeX Warning: `h' float specifier changed to `ht'.

<pics/motor_controller_spec.png, id=1649, 686.565pt x 511.15968pt>
File: pics/motor_controller_spec.png Graphic file (type png)

<use pics/motor_controller_spec.png>
Package pdftex.def Info: pics/motor_controller_spec.png used on input line 2240
.
(pdftex.def)             Requested size: 469.75502pt x 349.73668pt.


LaTeX Warning: `h' float specifier changed to `ht'.

<pics/load_amp.png, id=1650, 465.99094pt x 462.22687pt>
File: pics/load_amp.png Graphic file (type png)

<use pics/load_amp.png>
Package pdftex.def Info: pics/load_amp.png used on input line 2247.
(pdftex.def)             Requested size: 469.75502pt x 465.97794pt.


LaTeX Warning: `h' float specifier changed to `ht'.

<pics/load_cell_spec.png, id=1651, 355.3275pt x 298.11375pt>
File: pics/load_cell_spec.png Graphic file (type png)

<use pics/load_cell_spec.png>
Package pdftex.def Info: pics/load_cell_spec.png used on input line 2254.
(pdftex.def)             Requested size: 352.31625pt x 295.5975pt.


LaTeX Warning: `h' float specifier changed to `ht'.

[123

 <./pics/Motor_range.png>] [124 <./pics/motor_spec.png>] [125 <./pics/gear_spec
.png>] [126 <./pics/encoder_spec.png>] [127 <./pics/motor_controller_spec.png>]
 [128 <./pics/load_amp.png>] [129 <./pics/load_cell_spec.png>]
Package epstopdf Info: Source file: <pics/pos1.eps>
(epstopdf)                    date: 2019-09-03 13:33:15
(epstopdf)                    size: 236433 bytes
(epstopdf)             Output file: <./pos1-eps-converted-to.pdf>
(epstopdf)                    date: 2019-09-03 13:34:26
(epstopdf)                    size: 83500 bytes
(epstopdf)             Command: <epstopdf --outfile=./pos1-eps-converted-to.pdf
 pics/pos1.eps>
(epstopdf)             \includegraphics on input line 2265.
Package epstopdf Info: Output file is already uptodate.

<./pos1-eps-converted-to.pdf, id=1689, 432.61626pt x 203.76125pt>
File: ./pos1-eps-converted-to.pdf Graphic file (type pdf)

<use ./pos1-eps-converted-to.pdf>
Package pdftex.def Info: ./pos1-eps-converted-to.pdf used on input line 2265.
(pdftex.def)             Requested size: 469.75502pt x 221.2621pt.
Package epstopdf Info: Source file: <pics/pos2.eps>
(epstopdf)                    date: 2019-09-03 13:36:11
(epstopdf)                    size: 242996 bytes
(epstopdf)             Output file: <./pos2-eps-converted-to.pdf>
(epstopdf)                    date: 2019-09-03 13:38:57
(epstopdf)                    size: 88876 bytes
(epstopdf)             Command: <epstopdf --outfile=./pos2-eps-converted-to.pdf
 pics/pos2.eps>
(epstopdf)             \includegraphics on input line 2272.
Package epstopdf Info: Output file is already uptodate.

<./pos2-eps-converted-to.pdf, id=1690, 432.61626pt x 203.76125pt>
File: ./pos2-eps-converted-to.pdf Graphic file (type pdf)

<use ./pos2-eps-converted-to.pdf>
Package pdftex.def Info: ./pos2-eps-converted-to.pdf used on input line 2272.
(pdftex.def)             Requested size: 469.75502pt x 221.2621pt.


LaTeX Warning: `h' float specifier changed to `ht'.

Package epstopdf Info: Source file: <pics/pos3.eps>
(epstopdf)                    date: 2019-09-03 13:36:46
(epstopdf)                    size: 245331 bytes
(epstopdf)             Output file: <./pos3-eps-converted-to.pdf>
(epstopdf)                    date: 2019-09-03 13:38:58
(epstopdf)                    size: 89334 bytes
(epstopdf)             Command: <epstopdf --outfile=./pos3-eps-converted-to.pdf
 pics/pos3.eps>
(epstopdf)             \includegraphics on input line 2279.
Package epstopdf Info: Output file is already uptodate.
<./pos3-eps-converted-to.pdf, id=1691, 432.61626pt x 203.76125pt>
File: ./pos3-eps-converted-to.pdf Graphic file (type pdf)

<use ./pos3-eps-converted-to.pdf>
Package pdftex.def Info: ./pos3-eps-converted-to.pdf used on input line 2279.
(pdftex.def)             Requested size: 469.75502pt x 221.2621pt.


LaTeX Warning: `h' float specifier changed to `ht'.

Package epstopdf Info: Source file: <pics/pos4.eps>
(epstopdf)                    date: 2019-09-03 13:37:08
(epstopdf)                    size: 242805 bytes
(epstopdf)             Output file: <./pos4-eps-converted-to.pdf>
(epstopdf)                    date: 2019-09-03 13:38:59
(epstopdf)                    size: 88156 bytes
(epstopdf)             Command: <epstopdf --outfile=./pos4-eps-converted-to.pdf
 pics/pos4.eps>
(epstopdf)             \includegraphics on input line 2286.
Package epstopdf Info: Output file is already uptodate.
<./pos4-eps-converted-to.pdf, id=1692, 432.61626pt x 203.76125pt>
File: ./pos4-eps-converted-to.pdf Graphic file (type pdf)

<use ./pos4-eps-converted-to.pdf>
Package pdftex.def Info: ./pos4-eps-converted-to.pdf used on input line 2286.
(pdftex.def)             Requested size: 469.75502pt x 221.2621pt.


LaTeX Warning: `h' float specifier changed to `ht'.

Package epstopdf Info: Source file: <pics/pos5.eps>
(epstopdf)                    date: 2019-09-03 13:37:36
(epstopdf)                    size: 238051 bytes
(epstopdf)             Output file: <./pos5-eps-converted-to.pdf>
(epstopdf)                    date: 2019-09-03 13:39:00
(epstopdf)                    size: 89041 bytes
(epstopdf)             Command: <epstopdf --outfile=./pos5-eps-converted-to.pdf
 pics/pos5.eps>
(epstopdf)             \includegraphics on input line 2294.
Package epstopdf Info: Output file is already uptodate.
<./pos5-eps-converted-to.pdf, id=1693, 432.61626pt x 203.76125pt>
File: ./pos5-eps-converted-to.pdf Graphic file (type pdf)

<use ./pos5-eps-converted-to.pdf>
Package pdftex.def Info: ./pos5-eps-converted-to.pdf used on input line 2294.
(pdftex.def)             Requested size: 469.75502pt x 221.2621pt.


LaTeX Warning: `h' float specifier changed to `ht'.

Package epstopdf Info: Source file: <pics/pos6.eps>
(epstopdf)                    date: 2019-09-03 13:38:02
(epstopdf)                    size: 239207 bytes
(epstopdf)             Output file: <./pos6-eps-converted-to.pdf>
(epstopdf)                    date: 2019-09-03 13:39:01
(epstopdf)                    size: 89326 bytes
(epstopdf)             Command: <epstopdf --outfile=./pos6-eps-converted-to.pdf
 pics/pos6.eps>
(epstopdf)             \includegraphics on input line 2301.
Package epstopdf Info: Output file is already uptodate.
<./pos6-eps-converted-to.pdf, id=1694, 432.61626pt x 203.76125pt>
File: ./pos6-eps-converted-to.pdf Graphic file (type pdf)

<use ./pos6-eps-converted-to.pdf>
Package pdftex.def Info: ./pos6-eps-converted-to.pdf used on input line 2301.
(pdftex.def)             Requested size: 469.75502pt x 221.2621pt.


LaTeX Warning: `h' float specifier changed to `ht'.

Package epstopdf Info: Source file: <pics/force1.eps>
(epstopdf)                    date: 2019-09-03 13:54:38
(epstopdf)                    size: 265715 bytes
(epstopdf)             Output file: <./force1-eps-converted-to.pdf>
(epstopdf)                    date: 2019-09-03 13:55:37
(epstopdf)                    size: 101993 bytes
(epstopdf)             Command: <epstopdf --outfile=./force1-eps-converted-to.p
df pics/force1.eps>
(epstopdf)             \includegraphics on input line 2308.
Package epstopdf Info: Output file is already uptodate.
<./force1-eps-converted-to.pdf, id=1695, 430.60875pt x 203.76125pt>
File: ./force1-eps-converted-to.pdf Graphic file (type pdf)

<use ./force1-eps-converted-to.pdf>
Package pdftex.def Info: ./force1-eps-converted-to.pdf used on input line 2308.

(pdftex.def)             Requested size: 469.75502pt x 222.29123pt.


LaTeX Warning: `h' float specifier changed to `ht'.

Package epstopdf Info: Source file: <pics/force2.eps>
(epstopdf)                    date: 2019-09-03 13:56:33
(epstopdf)                    size: 270377 bytes
(epstopdf)             Output file: <./force2-eps-converted-to.pdf>
(epstopdf)                    date: 2019-09-03 14:02:33
(epstopdf)                    size: 106392 bytes
(epstopdf)             Command: <epstopdf --outfile=./force2-eps-converted-to.p
df pics/force2.eps>
(epstopdf)             \includegraphics on input line 2315.
Package epstopdf Info: Output file is already uptodate.
<./force2-eps-converted-to.pdf, id=1696, 430.60875pt x 203.76125pt>
File: ./force2-eps-converted-to.pdf Graphic file (type pdf)

<use ./force2-eps-converted-to.pdf>
Package pdftex.def Info: ./force2-eps-converted-to.pdf used on input line 2315.

(pdftex.def)             Requested size: 469.75502pt x 222.29123pt.


LaTeX Warning: `h' float specifier changed to `ht'.

Package epstopdf Info: Source file: <pics/force3.eps>
(epstopdf)                    date: 2019-09-03 13:56:42
(epstopdf)                    size: 271389 bytes
(epstopdf)             Output file: <./force3-eps-converted-to.pdf>
(epstopdf)                    date: 2019-09-03 14:02:34
(epstopdf)                    size: 105380 bytes
(epstopdf)             Command: <epstopdf --outfile=./force3-eps-converted-to.p
df pics/force3.eps>
(epstopdf)             \includegraphics on input line 2322.
Package epstopdf Info: Output file is already uptodate.
<./force3-eps-converted-to.pdf, id=1697, 430.60875pt x 203.76125pt>
File: ./force3-eps-converted-to.pdf Graphic file (type pdf)

<use ./force3-eps-converted-to.pdf>
Package pdftex.def Info: ./force3-eps-converted-to.pdf used on input line 2322.

(pdftex.def)             Requested size: 469.75502pt x 222.29123pt.


LaTeX Warning: `h' float specifier changed to `ht'.

Package epstopdf Info: Source file: <pics/force4.eps>
(epstopdf)                    date: 2019-09-03 13:56:52
(epstopdf)                    size: 268932 bytes
(epstopdf)             Output file: <./force4-eps-converted-to.pdf>
(epstopdf)                    date: 2019-09-03 14:02:35
(epstopdf)                    size: 103752 bytes
(epstopdf)             Command: <epstopdf --outfile=./force4-eps-converted-to.p
df pics/force4.eps>
(epstopdf)             \includegraphics on input line 2329.
Package epstopdf Info: Output file is already uptodate.
<./force4-eps-converted-to.pdf, id=1698, 430.60875pt x 203.76125pt>
File: ./force4-eps-converted-to.pdf Graphic file (type pdf)

<use ./force4-eps-converted-to.pdf>
Package pdftex.def Info: ./force4-eps-converted-to.pdf used on input line 2329.

(pdftex.def)             Requested size: 469.75502pt x 222.29123pt.


LaTeX Warning: `h' float specifier changed to `ht'.

Package epstopdf Info: Source file: <pics/force5.eps>
(epstopdf)                    date: 2019-09-03 13:57:12
(epstopdf)                    size: 273008 bytes
(epstopdf)             Output file: <./force5-eps-converted-to.pdf>
(epstopdf)                    date: 2019-09-03 14:02:36
(epstopdf)                    size: 103332 bytes
(epstopdf)             Command: <epstopdf --outfile=./force5-eps-converted-to.p
df pics/force5.eps>
(epstopdf)             \includegraphics on input line 2336.
Package epstopdf Info: Output file is already uptodate.
<./force5-eps-converted-to.pdf, id=1699, 430.60875pt x 203.76125pt>
File: ./force5-eps-converted-to.pdf Graphic file (type pdf)

<use ./force5-eps-converted-to.pdf>
Package pdftex.def Info: ./force5-eps-converted-to.pdf used on input line 2336.

(pdftex.def)             Requested size: 469.75502pt x 222.29123pt.


LaTeX Warning: `h' float specifier changed to `ht'.

Package epstopdf Info: Source file: <pics/force6.eps>
(epstopdf)                    date: 2019-09-03 13:57:27
(epstopdf)                    size: 269503 bytes
(epstopdf)             Output file: <./force6-eps-converted-to.pdf>
(epstopdf)                    date: 2019-09-03 14:02:36
(epstopdf)                    size: 103774 bytes
(epstopdf)             Command: <epstopdf --outfile=./force6-eps-converted-to.p
df pics/force6.eps>
(epstopdf)             \includegraphics on input line 2343.
Package epstopdf Info: Output file is already uptodate.
<./force6-eps-converted-to.pdf, id=1700, 430.60875pt x 203.76125pt>
File: ./force6-eps-converted-to.pdf Graphic file (type pdf)

<use ./force6-eps-converted-to.pdf>
Package pdftex.def Info: ./force6-eps-converted-to.pdf used on input line 2343.

(pdftex.def)             Requested size: 469.75502pt x 222.29123pt.


LaTeX Warning: `h' float specifier changed to `ht'.

Package atveryend Info: Empty hook `BeforeClearDocument' on input line 2351.
[130

 <./pos1-eps-converted-to.pdf>] [131 <./pos2-eps-converted-to.pdf> <./pos3-eps-
converted-to.pdf>] [132 <./pos4-eps-converted-to.pdf> <./pos5-eps-converted-to.
pdf>] [133 <./pos6-eps-converted-to.pdf> <./force1-eps-converted-to.pdf>]
[134 <./force2-eps-converted-to.pdf> <./force3-eps-converted-to.pdf>] [135 <./f
orce4-eps-converted-to.pdf> <./force5-eps-converted-to.pdf>] [136 <./force6-eps
-converted-to.pdf>]
Package atveryend Info: Empty hook `AfterLastShipout' on input line 2351.
 (100883933_Berezny_NJ.aux)
Package atveryend Info: Executing hook `AtVeryEndDocument' on input line 2351.
Package atveryend Info: Executing hook `AtEndAfterFileList' on input line 2351.

Package rerunfilecheck Info: File `100883933_Berezny_NJ.out' has not changed.
(rerunfilecheck)             Checksum: 16AA5A512B238E9A2EC3DADD8D440703;5237.


LaTeX Warning: There were multiply-defined labels.

Package atveryend Info: Empty hook `AtVeryVeryEnd' on input line 2351.
 ) 
Here is how much of TeX's memory you used:
 10302 strings out of 493323
 158833 string characters out of 3139054
 271073 words of memory out of 3000000
 13033 multiletter control sequences out of 15000+200000
 11050 words of font info for 40 fonts, out of 3000000 for 9000
 1141 hyphenation exceptions out of 8191
 42i,18n,44p,1776b,588s stack positions out of 5000i,500n,10000p,200000b,50000s
<C:/Program Files/MiKTeX 2.9/fonts/type1/public/amsfonts/cm/cmbx12.pfb><C:/Pr
ogram Files/MiKTeX 2.9/fonts/type1/public/amsfonts/cm/cmex10.pfb><C:/Program Fi
les/MiKTeX 2.9/fonts/type1/public/amsfonts/cm/cmmi12.pfb><C:/Program Files/MiKT
eX 2.9/fonts/type1/public/amsfonts/cm/cmmi6.pfb><C:/Program Files/MiKTeX 2.9/fo
nts/type1/public/amsfonts/cm/cmmi8.pfb><C:/Program Files/MiKTeX 2.9/fonts/type1
/public/amsfonts/cm/cmr10.pfb><C:/Program Files/MiKTeX 2.9/fonts/type1/public/a
msfonts/cm/cmr12.pfb><C:/Program Files/MiKTeX 2.9/fonts/type1/public/amsfonts/c
m/cmr6.pfb><C:/Program Files/MiKTeX 2.9/fonts/type1/public/amsfonts/cm/cmr8.pfb
><C:/Program Files/MiKTeX 2.9/fonts/type1/public/amsfonts/cm/cmsy10.pfb><C:/Pro
gram Files/MiKTeX 2.9/fonts/type1/public/amsfonts/cm/cmsy8.pfb><C:/Program File
s/MiKTeX 2.9/fonts/type1/public/amsfonts/cm/cmti12.pfb><C:/Program Files/MiKTeX
 2.9/fonts/type1/public/amsfonts/cm/cmtt12.pfb>
Output written on 100883933_Berezny_NJ.pdf (150 pages, 11703751 bytes).
PDF statistics:
 1923 PDF objects out of 2073 (max. 8388607)
 530 named destinations out of 1000 (max. 500000)
 1049 words of extra memory for PDF output out of 10000 (max. 10000000)

