\BOOKMARK [0][-]{chapter.1}{Literature Review and Preliminary Research}{}% 1
\BOOKMARK [1][-]{section.1.1}{Stroke and Rehabilitation}{chapter.1}% 2
\BOOKMARK [2][-]{subsection.1.1.1}{Rehabilitation Guidelines}{section.1.1}% 3
\BOOKMARK [1][-]{section.1.2}{Robotic Rehabilitation}{chapter.1}% 4
\BOOKMARK [2][-]{subsection.1.2.1}{Robots for Overground Walking}{section.1.2}% 5
\BOOKMARK [2][-]{subsection.1.2.2}{Robots for Sitting or Bed-bound Therapy}{section.1.2}% 6
\BOOKMARK [2][-]{subsection.1.2.3}{Controls}{section.1.2}% 7
\BOOKMARK [2][-]{subsection.1.2.4}{Virtual Environments}{section.1.2}% 8
\BOOKMARK [1][-]{section.1.3}{Interviews and Shadowing}{chapter.1}% 9
\BOOKMARK [2][-]{subsection.1.3.1}{Typical Rehabilitation}{section.1.3}% 10
\BOOKMARK [2][-]{subsection.1.3.2}{Patient Engagement}{section.1.3}% 11
\BOOKMARK [2][-]{subsection.1.3.3}{Hospital Environment}{section.1.3}% 12
\BOOKMARK [2][-]{subsection.1.3.4}{Therapy Schedule}{section.1.3}% 13
\BOOKMARK [2][-]{subsection.1.3.5}{Other Comments and Concerns}{section.1.3}% 14
\BOOKMARK [1][-]{section.1.4}{Device Concept}{chapter.1}% 15
\BOOKMARK [1][-]{section.1.5}{Contributions and Outline}{chapter.1}% 16
\BOOKMARK [0][-]{chapter.2}{Device Design and Implementation}{}% 17
\BOOKMARK [1][-]{section.2.1}{Design Iterations}{chapter.2}% 18
\BOOKMARK [2][-]{subsection.2.1.1}{Degrees of Freedom}{section.2.1}% 19
\BOOKMARK [2][-]{subsection.2.1.2}{Placement Relative to Bed}{section.2.1}% 20
\BOOKMARK [2][-]{subsection.2.1.3}{Belt Actuator v.s. Ballscrew}{section.2.1}% 21
\BOOKMARK [1][-]{section.2.2}{Overview}{chapter.2}% 22
\BOOKMARK [1][-]{section.2.3}{Structural Design}{chapter.2}% 23
\BOOKMARK [1][-]{section.2.4}{Hardware}{chapter.2}% 24
\BOOKMARK [2][-]{subsection.2.4.1}{Actuator}{section.2.4}% 25
\BOOKMARK [2][-]{subsection.2.4.2}{Sensors}{section.2.4}% 26
\BOOKMARK [1][-]{section.2.5}{Electronics and Power}{chapter.2}% 27
\BOOKMARK [2][-]{subsection.2.5.1}{Components}{section.2.5}% 28
\BOOKMARK [2][-]{subsection.2.5.2}{PCB Layout}{section.2.5}% 29
\BOOKMARK [1][-]{section.2.6}{Data Acquisition}{chapter.2}% 30
\BOOKMARK [0][-]{chapter.3}{Controller and Software}{}% 31
\BOOKMARK [1][-]{section.3.1}{Overview}{chapter.3}% 32
\BOOKMARK [1][-]{section.3.2}{Impedance \046 Admittance Controller}{chapter.3}% 33
\BOOKMARK [1][-]{section.3.3}{Haptic Coupling}{chapter.3}% 34
\BOOKMARK [1][-]{section.3.4}{Tuning Control Gains}{chapter.3}% 35
\BOOKMARK [1][-]{section.3.5}{Physics Engine}{chapter.3}% 36
\BOOKMARK [1][-]{section.3.6}{Software Implementation}{chapter.3}% 37
\BOOKMARK [2][-]{subsection.3.6.1}{Real Time Operation and Linux}{section.3.6}% 38
\BOOKMARK [2][-]{subsection.3.6.2}{Controller}{section.3.6}% 39
\BOOKMARK [2][-]{subsection.3.6.3}{User Interface}{section.3.6}% 40
\BOOKMARK [0][-]{chapter.4}{Experiments}{}% 41
\BOOKMARK [1][-]{section.4.1}{Safety Tests}{chapter.4}% 42
\BOOKMARK [1][-]{section.4.2}{Functional Tests}{chapter.4}% 43
\BOOKMARK [2][-]{subsection.4.2.1}{Verifying Admittance Control}{section.4.2}% 44
\BOOKMARK [2][-]{subsection.4.2.2}{Verifying Haptic Control}{section.4.2}% 45
\BOOKMARK [1][-]{section.4.3}{Healthy Subject Experiments}{chapter.4}% 46
\BOOKMARK [0][-]{chapter.5}{Conclusion}{}% 47
\BOOKMARK [1][-]{section.5.1}{Future Work}{chapter.5}% 48
