<<<<<<< HEAD
This is pdfTeX, Version 3.14159265-2.6-1.40.18 (MiKTeX 2.9.6350 64-bit) (preloaded format=pdflatex 2017.7.10)  11 JUL 2019 16:19
=======
This is pdfTeX, Version 3.14159265-2.6-1.40.19 (MiKTeX 2.9.6630 64-bit) (preloaded format=pdflatex 2018.5.11)  4 JUL 2019 22:04
>>>>>>> a063c110292bbdb966f5fd9d4ca03a59e219b14b
entering extended mode
**./thesis_feb2019.tex
(thesis_feb2019.tex
LaTeX2e <2017-04-15>
Babel <3.18> and hyphenation patterns for 75 language(s) loaded.
("C:\Program Files\MiKTeX 2.9\tex\latex\base\report.cls"
Document Class: report 2014/09/29 v1.4h Standard LaTeX document class
("C:\Program Files\MiKTeX 2.9\tex\latex\base\size12.clo"
File: size12.clo 2014/09/29 v1.4h Standard LaTeX file (size option)
)
\c@part=\count79
\c@chapter=\count80
\c@section=\count81
\c@subsection=\count82
\c@subsubsection=\count83
\c@paragraph=\count84
\c@subparagraph=\count85
\c@figure=\count86
\c@table=\count87
\abovecaptionskip=\skip41
\belowcaptionskip=\skip42
\bibindent=\dimen102
)
("C:\Program Files\MiKTeX 2.9\tex\latex\cite\cite.sty"
LaTeX Info: Redefining \cite on input line 302.
LaTeX Info: Redefining \nocite on input line 332.
Package: cite 2015/02/27  v 5.5
)
("C:\Program Files\MiKTeX 2.9\tex\latex\preprint\fullpage.sty"
Package: fullpage 1999/02/23 1.1 (PWD)
\FP@margin=\skip43
)
("C:\Program Files\MiKTeX 2.9\tex\latex\was\gensymb.sty"
Package: gensymb 2003/07/02 v1.0 (WaS)
)
("C:\Program Files\MiKTeX 2.9\tex\latex\amsmath\amsmath.sty"
Package: amsmath 2017/09/02 v2.17a AMS math features
\@mathmargin=\skip44

For additional information on amsmath, use the `?' option.
("C:\Program Files\MiKTeX 2.9\tex\latex\amsmath\amstext.sty"
Package: amstext 2000/06/29 v2.01 AMS text

("C:\Program Files\MiKTeX 2.9\tex\latex\amsmath\amsgen.sty"
File: amsgen.sty 1999/11/30 v2.0 generic functions
\@emptytoks=\toks14
\ex@=\dimen103
))
("C:\Program Files\MiKTeX 2.9\tex\latex\amsmath\amsbsy.sty"
Package: amsbsy 1999/11/29 v1.2d Bold Symbols
\pmbraise@=\dimen104
)
("C:\Program Files\MiKTeX 2.9\tex\latex\amsmath\amsopn.sty"
Package: amsopn 2016/03/08 v2.02 operator names
)
\inf@bad=\count88
LaTeX Info: Redefining \frac on input line 213.
\uproot@=\count89
\leftroot@=\count90
LaTeX Info: Redefining \overline on input line 375.
\classnum@=\count91
\DOTSCASE@=\count92
LaTeX Info: Redefining \ldots on input line 472.
LaTeX Info: Redefining \dots on input line 475.
LaTeX Info: Redefining \cdots on input line 596.
\Mathstrutbox@=\box26
\strutbox@=\box27
\big@size=\dimen105
LaTeX Font Info:    Redeclaring font encoding OML on input line 712.
LaTeX Font Info:    Redeclaring font encoding OMS on input line 713.
\macc@depth=\count93
\c@MaxMatrixCols=\count94
\dotsspace@=\muskip10
\c@parentequation=\count95
\dspbrk@lvl=\count96
\tag@help=\toks15
\row@=\count97
\column@=\count98
\maxfields@=\count99
\andhelp@=\toks16
\eqnshift@=\dimen106
\alignsep@=\dimen107
\tagshift@=\dimen108
\tagwidth@=\dimen109
\totwidth@=\dimen110
\lineht@=\dimen111
\@envbody=\toks17
\multlinegap=\skip45
\multlinetaggap=\skip46
\mathdisplay@stack=\toks18
LaTeX Info: Redefining \[ on input line 2817.
LaTeX Info: Redefining \] on input line 2818.
)
("C:\Program Files\MiKTeX 2.9\tex\latex\graphics\graphicx.sty"
Package: graphicx 2017/06/01 v1.1a Enhanced LaTeX Graphics (DPC,SPQR)

("C:\Program Files\MiKTeX 2.9\tex\latex\graphics\keyval.sty"
Package: keyval 2014/10/28 v1.15 key=value parser (DPC)
\KV@toks@=\toks19
)
("C:\Program Files\MiKTeX 2.9\tex\latex\graphics\graphics.sty"
Package: graphics 2017/06/25 v1.2c Standard LaTeX Graphics (DPC,SPQR)

("C:\Program Files\MiKTeX 2.9\tex\latex\graphics\trig.sty"
Package: trig 2016/01/03 v1.10 sin cos tan (DPC)
)
("C:\Program Files\MiKTeX 2.9\tex\latex\graphics-cfg\graphics.cfg"
File: graphics.cfg 2016/06/04 v1.11 sample graphics configuration
)
Package graphics Info: Driver file: pdftex.def on input line 99.

("C:\Program Files\MiKTeX 2.9\tex\latex\graphics-def\pdftex.def"
File: pdftex.def 2018/01/08 v1.0l Graphics/color driver for pdftex
))
\Gin@req@height=\dimen112
\Gin@req@width=\dimen113
)
("C:\Program Files\MiKTeX 2.9\tex\latex\svg\svg.sty"
Package: svg 2018/11/12 v2.02b (include SVG pictures)

("C:\Program Files\MiKTeX 2.9\tex\latex\koma-script\scrbase.sty"
Package: scrbase 2019/02/01 v3.26b KOMA-Script package (KOMA-Script-independent
 basics and keyval usage)

("C:\Program Files\MiKTeX 2.9\tex\latex\koma-script\scrlfile.sty"
Package: scrlfile 2019/02/01 v3.26b KOMA-Script package (loading files)
))
("C:\Program Files\MiKTeX 2.9\tex\generic\oberdiek\ifpdf.sty"
Package: ifpdf 2017/03/15 v3.2 Provides the ifpdf switch
)
("C:\Program Files\MiKTeX 2.9\tex\generic\oberdiek\ifluatex.sty"
Package: ifluatex 2016/05/16 v1.4 Provides the ifluatex switch (HO)
Package ifluatex Info: LuaTeX not detected.
)
("C:\Program Files\MiKTeX 2.9\tex\generic\ifxetex\ifxetex.sty"
Package: ifxetex 2010/09/12 v0.6 Provides ifxetex conditional
)
("C:\Program Files\MiKTeX 2.9\tex\generic\oberdiek\pdftexcmds.sty"
Package: pdftexcmds 2018/01/21 v0.26 Utility functions of pdfTeX for LuaTeX (HO
)

("C:\Program Files\MiKTeX 2.9\tex\generic\oberdiek\infwarerr.sty"
Package: infwarerr 2016/05/16 v1.4 Providing info/warning/error messages (HO)
)
("C:\Program Files\MiKTeX 2.9\tex\generic\oberdiek\ltxcmds.sty"
Package: ltxcmds 2016/05/16 v1.23 LaTeX kernel commands for general use (HO)
)
Package pdftexcmds Info: LuaTeX not detected.
Package pdftexcmds Info: \pdf@primitive is available.
Package pdftexcmds Info: \pdf@ifprimitive is available.
Package pdftexcmds Info: \pdfdraftmode found.
)
("C:\Program Files\MiKTeX 2.9\tex\latex\tools\shellesc.sty"
Package: shellesc 2016/06/07 v0.02a unified shell escape interface for LaTeX
Package shellesc Info: Restricted shell escape enabled on input line 69.
)
("C:\Program Files\MiKTeX 2.9\tex\latex\trimspaces\trimspaces.sty"
Package: trimspaces 2009/09/17 v1.1 Trim spaces around a token list
)
\svg@box=\box28
\c@svg@param@lastpage=\count100
\c@svg@param@currpage=\count101
)
("C:\Program Files\MiKTeX 2.9\tex\latex\xcolor\xcolor.sty"
Package: xcolor 2016/05/11 v2.12 LaTeX color extensions (UK)

("C:\Program Files\MiKTeX 2.9\tex\latex\graphics-cfg\color.cfg"
File: color.cfg 2016/01/02 v1.6 sample color configuration
)
Package xcolor Info: Driver file: pdftex.def on input line 225.
Package xcolor Info: Model `cmy' substituted by `cmy0' on input line 1348.
Package xcolor Info: Model `hsb' substituted by `rgb' on input line 1352.
Package xcolor Info: Model `RGB' extended on input line 1364.
Package xcolor Info: Model `HTML' substituted by `rgb' on input line 1366.
Package xcolor Info: Model `Hsb' substituted by `hsb' on input line 1367.
Package xcolor Info: Model `tHsb' substituted by `hsb' on input line 1368.
Package xcolor Info: Model `HSB' substituted by `hsb' on input line 1369.
Package xcolor Info: Model `Gray' substituted by `gray' on input line 1370.
Package xcolor Info: Model `wave' substituted by `hsb' on input line 1371.
)
("C:\Program Files\MiKTeX 2.9\tex\latex\oberdiek\transparent.sty"
Package: transparent 2016/05/16 v1.1 Transparency via pdfTeX's color stack (HO)


("C:\Program Files\MiKTeX 2.9\tex\latex\oberdiek\auxhook.sty"
Package: auxhook 2016/05/16 v1.4 Hooks for auxiliary files (HO)
))
("C:\Program Files\MiKTeX 2.9\tex\latex\hyperref\hyperref.sty"
Package: hyperref 2018/02/06 v6.86b Hypertext links for LaTeX

("C:\Program Files\MiKTeX 2.9\tex\generic\oberdiek\hobsub-hyperref.sty"
Package: hobsub-hyperref 2016/05/16 v1.14 Bundle oberdiek, subset hyperref (HO)


("C:\Program Files\MiKTeX 2.9\tex\generic\oberdiek\hobsub-generic.sty"
Package: hobsub-generic 2016/05/16 v1.14 Bundle oberdiek, subset generic (HO)
Package: hobsub 2016/05/16 v1.14 Construct package bundles (HO)
Package hobsub Info: Skipping package `infwarerr' (already loaded).
Package hobsub Info: Skipping package `ltxcmds' (already loaded).
Package hobsub Info: Skipping package `ifluatex' (already loaded).
Package: ifvtex 2016/05/16 v1.6 Detect VTeX and its facilities (HO)
Package ifvtex Info: VTeX not detected.
Package: intcalc 2016/05/16 v1.2 Expandable calculations with integers (HO)
Package hobsub Info: Skipping package `ifpdf' (already loaded).
Package: etexcmds 2016/05/16 v1.6 Avoid name clashes with e-TeX commands (HO)
Package etexcmds Info: Could not find \expanded.
(etexcmds)             That can mean that you are not using pdfTeX 1.50 or
(etexcmds)             that some package has redefined \expanded.
(etexcmds)             In the latter case, load this package earlier.
Package: kvsetkeys 2016/05/16 v1.17 Key value parser (HO)
Package: kvdefinekeys 2016/05/16 v1.4 Define keys (HO)
Package hobsub Info: Skipping package `pdftexcmds' (already loaded).
Package: pdfescape 2016/05/16 v1.14 Implements pdfTeX's escape features (HO)
Package: bigintcalc 2016/05/16 v1.4 Expandable calculations on big integers (HO
)
Package: bitset 2016/05/16 v1.2 Handle bit-vector datatype (HO)
Package: uniquecounter 2016/05/16 v1.3 Provide unlimited unique counter (HO)
)
Package hobsub Info: Skipping package `hobsub' (already loaded).
Package: letltxmacro 2016/05/16 v1.5 Let assignment for LaTeX macros (HO)
Package: hopatch 2016/05/16 v1.3 Wrapper for package hooks (HO)
Package: xcolor-patch 2016/05/16 xcolor patch
Package: atveryend 2016/05/16 v1.9 Hooks at the very end of document (HO)
Package atveryend Info: \enddocument detected (standard20110627).
Package: atbegshi 2016/06/09 v1.18 At begin shipout hook (HO)
Package: refcount 2016/05/16 v3.5 Data extraction from label references (HO)
Package: hycolor 2016/05/16 v1.8 Color options for hyperref/bookmark (HO)
)
("C:\Program Files\MiKTeX 2.9\tex\latex\oberdiek\kvoptions.sty"
Package: kvoptions 2016/05/16 v3.12 Key value format for package options (HO)
)
\@linkdim=\dimen114
\Hy@linkcounter=\count102
\Hy@pagecounter=\count103

("C:\Program Files\MiKTeX 2.9\tex\latex\hyperref\pd1enc.def"
File: pd1enc.def 2018/02/06 v6.86b Hyperref: PDFDocEncoding definition (HO)
)
\Hy@SavedSpaceFactor=\count104

("C:\Program Files\MiKTeX 2.9\tex\latex\00miktex\hyperref.cfg"
File: hyperref.cfg 2002/06/06 v1.2 hyperref configuration of TeXLive
)
Package hyperref Info: Hyper figures OFF on input line 4509.
Package hyperref Info: Link nesting OFF on input line 4514.
Package hyperref Info: Hyper index ON on input line 4517.
Package hyperref Info: Plain pages OFF on input line 4524.
Package hyperref Info: Backreferencing OFF on input line 4529.
Package hyperref Info: Implicit mode ON; LaTeX internals redefined.
Package hyperref Info: Bookmarks ON on input line 4762.
\c@Hy@tempcnt=\count105

("C:\Program Files\MiKTeX 2.9\tex\latex\url\url.sty"
\Urlmuskip=\muskip11
Package: url 2013/09/16  ver 3.4  Verb mode for urls, etc.
)
LaTeX Info: Redefining \url on input line 5115.
\XeTeXLinkMargin=\dimen115
\Fld@menulength=\count106
\Field@Width=\dimen116
\Fld@charsize=\dimen117
Package hyperref Info: Hyper figures OFF on input line 6369.
Package hyperref Info: Link nesting OFF on input line 6374.
Package hyperref Info: Hyper index ON on input line 6377.
Package hyperref Info: backreferencing OFF on input line 6384.
Package hyperref Info: Link coloring OFF on input line 6389.
Package hyperref Info: Link coloring with OCG OFF on input line 6394.
Package hyperref Info: PDF/A mode OFF on input line 6399.
LaTeX Info: Redefining \ref on input line 6439.
LaTeX Info: Redefining \pageref on input line 6443.
\Hy@abspage=\count107
\c@Item=\count108
\c@Hfootnote=\count109
)
Package hyperref Info: Driver (autodetected): hpdftex.

("C:\Program Files\MiKTeX 2.9\tex\latex\hyperref\hpdftex.def"
File: hpdftex.def 2018/02/06 v6.86b Hyperref driver for pdfTeX
\Fld@listcount=\count110
\c@bookmark@seq@number=\count111

("C:\Program Files\MiKTeX 2.9\tex\latex\oberdiek\rerunfilecheck.sty"
Package: rerunfilecheck 2016/05/16 v1.8 Rerun checks for auxiliary files (HO)
Package uniquecounter Info: New unique counter `rerunfilecheck' on input line 2
82.
)
\Hy@SectionHShift=\skip47
)
(thesis_feb2019.aux

LaTeX Warning: Label `tab:gear' multiply defined.


LaTeX Warning: Label `fig:actuator' multiply defined.


LaTeX Warning: Label `tab:belt' multiply defined.


LaTeX Warning: Label `tab:belt' multiply defined.

<<<<<<< HEAD

LaTeX Warning: Label `fig:pcb_pic' multiply defined.


LaTeX Warning: Label `eqn:imp' multiply defined.


LaTeX Warning: Label `fig:software' multiply defined.

=======
>>>>>>> a063c110292bbdb966f5fd9d4ca03a59e219b14b
)
\openout1 = `thesis_feb2019.aux'.

LaTeX Font Info:    Checking defaults for OML/cmm/m/it on input line 15.
LaTeX Font Info:    ... okay on input line 15.
LaTeX Font Info:    Checking defaults for T1/cmr/m/n on input line 15.
LaTeX Font Info:    ... okay on input line 15.
LaTeX Font Info:    Checking defaults for OT1/cmr/m/n on input line 15.
LaTeX Font Info:    ... okay on input line 15.
LaTeX Font Info:    Checking defaults for OMS/cmsy/m/n on input line 15.
LaTeX Font Info:    ... okay on input line 15.
LaTeX Font Info:    Checking defaults for OMX/cmex/m/n on input line 15.
LaTeX Font Info:    ... okay on input line 15.
LaTeX Font Info:    Checking defaults for U/cmr/m/n on input line 15.
LaTeX Font Info:    ... okay on input line 15.
LaTeX Font Info:    Checking defaults for PD1/pdf/m/n on input line 15.
LaTeX Font Info:    ... okay on input line 15.
LaTeX Info: Redefining \celsius on input line 15.
Package gensymb Info: Faking symbols for \degree and \celsius on input line 15.



Package gensymb Warning: Not defining \perthousand.

LaTeX Info: Redefining \ohm on input line 15.
Package gensymb Info: Using \Omega for \ohm on input line 15.

Package gensymb Warning: Not defining \micro.

("C:\Program Files\MiKTeX 2.9\tex\context\base\supp-pdf.mkii"
[Loading MPS to PDF converter (version 2006.09.02).]
\scratchcounter=\count112
\scratchdimen=\dimen118
\scratchbox=\box29
\nofMPsegments=\count113
\nofMParguments=\count114
\everyMPshowfont=\toks20
\MPscratchCnt=\count115
\MPscratchDim=\dimen119
\MPnumerator=\count116
\makeMPintoPDFobject=\count117
\everyMPtoPDFconversion=\toks21
) ("C:\Program Files\MiKTeX 2.9\tex\latex\oberdiek\epstopdf-base.sty"
Package: epstopdf-base 2016/05/15 v2.6 Base part for package epstopdf

("C:\Program Files\MiKTeX 2.9\tex\latex\oberdiek\grfext.sty"
Package: grfext 2016/05/16 v1.2 Manage graphics extensions (HO)
)
Package epstopdf-base Info: Redefining graphics rule for `.eps' on input line 4
38.
Package grfext Info: Graphics extension search list:
(grfext)             [.pdf,.png,.jpg,.mps,.jpeg,.jbig2,.jb2,.PDF,.PNG,.JPG,.JPE
G,.JBIG2,.JB2,.eps]
(grfext)             \AppendGraphicsExtensions on input line 456.
)
\AtBeginShipoutBox=\box30
Package hyperref Info: Link coloring OFF on input line 15.

("C:\Program Files\MiKTeX 2.9\tex\latex\hyperref\nameref.sty"
Package: nameref 2016/05/21 v2.44 Cross-referencing by name of section

("C:\Program Files\MiKTeX 2.9\tex\generic\oberdiek\gettitlestring.sty"
Package: gettitlestring 2016/05/16 v1.5 Cleanup title references (HO)
)
\c@section@level=\count118
)
LaTeX Info: Redefining \ref on input line 15.
LaTeX Info: Redefining \pageref on input line 15.
LaTeX Info: Redefining \nameref on input line 15.

(thesis_feb2019.out) (thesis_feb2019.out)
\@outlinefile=\write3
\openout3 = `thesis_feb2019.out'.

 [1

{C:/Users/nickb/AppData/Local/MiKTeX/2.9/pdftex/config/pdftex.map}]
Chapter 1.
pdfTeX warning (ext4): destination with the same identifier (name{page.1}) has 
been already used, duplicate ignored
<to be read again> 
                   \relax 
l.32 
      [1

] <pics/leg_lift.png, id=260, 390.258pt x 248.127pt>
File: pics/leg_lift.png Graphic file (type png)

<use pics/leg_lift.png>
Package pdftex.def Info: pics/leg_lift.png used on input line 36.
(pdftex.def)             Requested size: 281.85587pt x 179.20784pt.

<pics/knee_extension.png, id=262, 369.0588pt x 265.9536pt>
File: pics/knee_extension.png Graphic file (type png)

<use pics/knee_extension.png>
Package pdftex.def Info: pics/knee_extension.png used on input line 43.
(pdftex.def)             Requested size: 281.85587pt x 203.12512pt.


LaTeX Warning: `h' float specifier changed to `ht'.

[2 <./pics/leg_lift.png>] [3 <./pics/knee_extension.png>] [4]
LaTeX Font Info:    Try loading font information for OMS+cmr on input line 91.

("C:\Program Files\MiKTeX 2.9\tex\latex\base\omscmr.fd"
File: omscmr.fd 2014/09/29 v2.5h Standard LaTeX font definitions
)
LaTeX Font Info:    Font shape `OMS/cmr/m/n' in size <12> not available
<<<<<<< HEAD
(Font)              Font shape `OMS/cmsy/m/n' tried instead on input line 91.
 [5] [6]
<pics/Lokomat.png, id=330, 1116.17pt x 843.15pt>
File: pics/Lokomat.png Graphic file (type png)
 <use pics/Lokomat.png>
Package pdftex.def Info: pics/Lokomat.png used on input line 115.
=======
(Font)              Font shape `OMS/cmsy/m/n' tried instead on input line 78.

[4] [5]
<pics/Lokomat.png, id=304, 1116.17pt x 843.15pt>
File: pics/Lokomat.png Graphic file (type png)
<use pics/Lokomat.png>
Package pdftex.def Info: pics/Lokomat.png  used on input line 102.
>>>>>>> a063c110292bbdb966f5fd9d4ca03a59e219b14b
(pdftex.def)             Requested size: 352.31625pt x 266.134pt.


LaTeX Warning: `h' float specifier changed to `ht'.

<<<<<<< HEAD
<pics/Hapticwalker.jpg, id=336, 454.69875pt x 401.5pt>
=======
[6]
<pics/Hapticwalker.jpg, id=321, 454.69875pt x 401.5pt>
>>>>>>> a063c110292bbdb966f5fd9d4ca03a59e219b14b
File: pics/Hapticwalker.jpg Graphic file (type jpg)
<use pics/Hapticwalker.jpg>
<<<<<<< HEAD
Package pdftex.def Info: pics/Hapticwalker.jpg used on input line 125.
=======
Package pdftex.def Info: pics/Hapticwalker.jpg  used on input line 112.
>>>>>>> a063c110292bbdb966f5fd9d4ca03a59e219b14b
(pdftex.def)             Requested size: 352.31625pt x 311.098pt.
 [7]

LaTeX Warning: `h' float specifier changed to `ht'.

<<<<<<< HEAD
[8 <./pics/Lokomat.png>]
<pics/Motionmaker.png, id=354, 204.765pt x 141.4083pt>
=======
[7 <./pics/Lokomat.png>]
<pics/Motionmaker.png, id=329, 204.765pt x 141.4083pt>
>>>>>>> a063c110292bbdb966f5fd9d4ca03a59e219b14b
File: pics/Motionmaker.png Graphic file (type png)
<use pics/Motionmaker.png>
<<<<<<< HEAD
Package pdftex.def Info: pics/Motionmaker.png used on input line 140.
=======
Package pdftex.def Info: pics/Motionmaker.png  used on input line 127.
>>>>>>> a063c110292bbdb966f5fd9d4ca03a59e219b14b
(pdftex.def)             Requested size: 352.31625pt x 243.32106pt.


LaTeX Warning: `h' float specifier changed to `ht'.

<<<<<<< HEAD
<pics/Lambda.jpg, id=356, 246.375pt x 137.97pt>
File: pics/Lambda.jpg Graphic file (type jpg)
 <use pics/Lambda.jpg>
Package pdftex.def Info: pics/Lambda.jpg used on input line 149.
(pdftex.def)             Requested size: 352.31625pt x 197.32085pt.
 [9 <./pics/Hapticwalker.jpg>] <pics/Vigrr.jpg, id=367, 227.04292pt x 146.45868
pt>
=======
[8 <./pics/Hapticwalker.jpg>]
<pics/Lambda.jpg, id=338, 246.375pt x 137.97pt>
File: pics/Lambda.jpg Graphic file (type jpg)
<use pics/Lambda.jpg>
Package pdftex.def Info: pics/Lambda.jpg  used on input line 136.
(pdftex.def)             Requested size: 352.31625pt x 197.32085pt.
<pics/Vigrr.jpg, id=341, 227.04292pt x 146.45868pt>
>>>>>>> a063c110292bbdb966f5fd9d4ca03a59e219b14b
File: pics/Vigrr.jpg Graphic file (type jpg)
<use pics/Vigrr.jpg>
<<<<<<< HEAD
Package pdftex.def Info: pics/Vigrr.jpg used on input line 160.
(pdftex.def)             Requested size: 352.31625pt x 227.27899pt.
 [10 <./pics/Motionmaker.png>] [11 <./pics/Lambda.jpg>]
[12 <./pics/Vigrr.jpg>] [13] [14] [15] [16] [17] [18] [19]
=======
Package pdftex.def Info: pics/Vigrr.jpg  used on input line 147.
(pdftex.def)             Requested size: 352.31625pt x 227.27899pt.
 [9 <./pics/Motionmaker.png>] [10 <./pics/Lambda.jpg>] [11 <./pics/Vigrr.jpg>] 
[12] [13] [14] [15] [16] [17] [18]
>>>>>>> a063c110292bbdb966f5fd9d4ca03a59e219b14b
Chapter 2.
[20

<<<<<<< HEAD
] [21]

LaTeX Warning: No positions in optional float specifier.
               Default added (so using `tbp') on input line 337.

<pics/off-bed.png, id=446, 463.9734pt x 150.3216pt>
File: pics/off-bed.png Graphic file (type png)
 <use pics/off-bed.png>
Package pdftex.def Info: pics/off-bed.png used on input line 357.
(pdftex.def)             Requested size: 352.31625pt x 114.14465pt.

<pics/on-bed.png, id=447, 395.5578pt x 203.3196pt>
File: pics/on-bed.png Graphic file (type png)
 <use pics/on-bed.png>
Package pdftex.def Info: pics/on-bed.png used on input line 366.
(pdftex.def)             Requested size: 352.31625pt x 181.10277pt.

[22 <./pics/off-bed.png>]

LaTeX Warning: No positions in optional float specifier.
               Default added (so using `tbp') on input line 374.

[23 <./pics/on-bed.png>]
<pics/on-bed_moment.png, id=469, 185.0112pt x 278.9622pt>
File: pics/on-bed_moment.png Graphic file (type png)

<use pics/on-bed_moment.png>
Package pdftex.def Info: pics/on-bed_moment.png used on input line 395.
(pdftex.def)             Requested size: 140.92793pt x 212.50298pt.

<pics/off-bed_moment.png, id=470, 439.4016pt x 185.9748pt>
File: pics/off-bed_moment.png Graphic file (type png)

<use pics/off-bed_moment.png>
Package pdftex.def Info: pics/off-bed_moment.png used on input line 403.
(pdftex.def)             Requested size: 281.85587pt x 119.29872pt.
 [24 <./pics/on-bed_moment.png> <./pics/off-bed_moment.png>] <pics/overall_devi
ce.jpg, id=480, 569.87906pt x 459.96844pt>
File: pics/overall_device.jpg Graphic file (type jpg)

<use pics/overall_device.jpg>
Package pdftex.def Info: pics/overall_device.jpg used on input line 427.
(pdftex.def)             Requested size: 352.31625pt x 284.36333pt.


LaTeX Warning: `h' float specifier changed to `ht'.

[25] <pics/frame.png, id=487, 569.9694pt x 460.119pt>
File: pics/frame.png Graphic file (type png)
 <use pics/frame.png>
Package pdftex.def Info: pics/frame.png used on input line 442.
(pdftex.def)             Requested size: 352.31625pt x 284.42833pt.

=======
] [20]

LaTeX Warning: No positions in optional float specifier.
               Default added (so using `tbp') on input line 322.

<pics/off-bed.png, id=422, 463.9734pt x 150.3216pt>
File: pics/off-bed.png Graphic file (type png)
<use pics/off-bed.png>
Package pdftex.def Info: pics/off-bed.png  used on input line 353.
(pdftex.def)             Requested size: 352.31625pt x 114.14465pt.
<pics/on-bed.png, id=423, 395.5578pt x 203.3196pt>
File: pics/on-bed.png Graphic file (type png)
<use pics/on-bed.png>
Package pdftex.def Info: pics/on-bed.png  used on input line 362.
(pdftex.def)             Requested size: 352.31625pt x 181.10277pt.
[21]

LaTeX Warning: No positions in optional float specifier.
               Default added (so using `tbp') on input line 370.

[22 <./pics/off-bed.png> <./pics/on-bed.png>] [23]
<pics/Robot_labeled.png, id=445, 467.8278pt x 309.7974pt>
File: pics/Robot_labeled.png Graphic file (type png)
<use pics/Robot_labeled.png>
Package pdftex.def Info: pics/Robot_labeled.png  used on input line 407.
(pdftex.def)             Requested size: 352.31625pt x 233.3118pt.
 [24 <./pics/Robot_labeled.png>]

LaTeX Warning: No positions in optional float specifier.
               Default added (so using `tbp') on input line 434.
>>>>>>> a063c110292bbdb966f5fd9d4ca03a59e219b14b

LaTeX Warning: `h' float specifier changed to `ht'.

<<<<<<< HEAD
[26 <./pics/overall_device.jpg>]
<pics/footplate.jpg, id=494, 569.87906pt x 459.96844pt>
File: pics/footplate.jpg Graphic file (type jpg)
=======
LaTeX Warning: No positions in optional float specifier.
               Default added (so using `tbp') on input line 448.
>>>>>>> a063c110292bbdb966f5fd9d4ca03a59e219b14b

<use pics/footplate.jpg>
Package pdftex.def Info: pics/footplate.jpg used on input line 458.
(pdftex.def)             Requested size: 234.8775pt x 189.5779pt.

<<<<<<< HEAD

LaTeX Warning: `h' float specifier changed to `ht'.

<pics/footplate_label.png, id=495, 676.4472pt x 488.0634pt>
File: pics/footplate_label.png Graphic file (type png)

<use pics/footplate_label.png>
Package pdftex.def Info: pics/footplate_label.png used on input line 467.
(pdftex.def)             Requested size: 234.8775pt x 169.4619pt.


LaTeX Warning: `h' float specifier changed to `ht'.

[27 <./pics/frame.png>] <pics/actuator.png, id=503, 616.2222pt x 459.6372pt>
File: pics/actuator.png Graphic file (type png)

<use pics/actuator.png>
Package pdftex.def Info: pics/actuator.png used on input line 486.
(pdftex.def)             Requested size: 352.31625pt x 262.78845pt.


LaTeX Warning: `h' float specifier changed to `ht'.


LaTeX Warning: `h' float specifier changed to `ht'.


LaTeX Warning: `h' float specifier changed to `ht'.


LaTeX Warning: `h' float specifier changed to `ht'.

<pics/Motor_range.png, id=504, 417.05812pt x 316.18124pt>
File: pics/Motor_range.png Graphic file (type png)

<use pics/Motor_range.png>
Package pdftex.def Info: pics/Motor_range.png used on input line 539.
(pdftex.def)             Requested size: 352.31625pt x 267.11497pt.


LaTeX Warning: `h' float specifier changed to `ht'.

[28 <./pics/footplate.jpg>] [29 <./pics/footplate_label.png>] [30 <./pics/actua
tor.png>] [31] [32 <./pics/Motor_range.png>]
<pics/Motor_setup.png, id=538, 837.8502pt x 535.2798pt>
File: pics/Motor_setup.png Graphic file (type png)

<use pics/Motor_setup.png>
Package pdftex.def Info: pics/Motor_setup.png used on input line 603.
(pdftex.def)             Requested size: 422.77664pt x 270.09772pt.


LaTeX Warning: `h' float specifier changed to `ht'.


LaTeX Warning: No positions in optional float specifier.
               Default added (so using `tbp') on input line 608.

<pics/pcb_schematic.png, id=539, 768.2301pt x 678.8562pt>
=======
LaTeX Warning: No positions in optional float specifier.
               Default added (so using `tbp') on input line 461.

[25] [26] [27]

LaTeX Warning: No positions in optional float specifier.
               Default added (so using `tbp') on input line 497.

<pics/pcb_schematic.png, id=468, 685.6014pt x 549.7338pt>
>>>>>>> a063c110292bbdb966f5fd9d4ca03a59e219b14b
File: pics/pcb_schematic.png Graphic file (type png)
<use pics/pcb_schematic.png>
<<<<<<< HEAD
Package pdftex.def Info: pics/pcb_schematic.png used on input line 629.
(pdftex.def)             Requested size: 469.75502pt x 415.10646pt.
 [33]
<pics/pcb_pic.png, id=544, 612.3678pt x 345.4506pt>
File: pics/pcb_pic.png Graphic file (type png)
 <use pics/pcb_pic.png>
Package pdftex.def Info: pics/pcb_pic.png used on input line 637.
(pdftex.def)             Requested size: 352.31625pt x 198.75378pt.


LaTeX Warning: `h' float specifier changed to `ht'.

[34 <./pics/Motor_setup.png>]
<pics/computer_system.png, id=550, 892.08281pt x 316.93407pt>
File: pics/computer_system.png Graphic file (type png)

<use pics/computer_system.png>
Package pdftex.def Info: pics/computer_system.png used on input line 667.
(pdftex.def)             Requested size: 352.31625pt x 125.17065pt.


LaTeX Warning: `h' float specifier changed to `ht'.

[35] [36 <./pics/pcb_schematic.png>] [37 <./pics/pcb_pic.png> <./pics/computer_
system.png>]
Chapter 3.
<pics/control_diagram2.png, id=572, 631.6398pt x 212.4738pt>
File: pics/control_diagram2.png Graphic file (type png)

<use pics/control_diagram2.png>
Package pdftex.def Info: pics/control_diagram2.png used on input line 682.
(pdftex.def)             Requested size: 469.75502pt x 158.01921pt.


LaTeX Warning: `h' float specifier changed to `ht'.

[38

] <pics/admittance_sys.png, id=579, 333.4056pt x 134.4222pt>
File: pics/admittance_sys.png Graphic file (type png)

<use pics/admittance_sys.png>
Package pdftex.def Info: pics/admittance_sys.png used on input line 702.
(pdftex.def)             Requested size: 352.31625pt x 142.05815pt.


LaTeX Warning: `h' float specifier changed to `ht'.

[39 <./pics/control_diagram2.png>] [40 <./pics/admittance_sys.png>] [41]
<pics/velocity_profile.png, id=616, 714.9912pt x 387.849pt>
File: pics/velocity_profile.png Graphic file (type png)

<use pics/velocity_profile.png>
Package pdftex.def Info: pics/velocity_profile.png used on input line 778.
(pdftex.def)             Requested size: 352.31625pt x 191.11884pt.
 [42 <./pics/velocity_profile.png>]
<pics/haptic_coupling.png, id=626, 120.45pt x 156.1032pt>
File: pics/haptic_coupling.png Graphic file (type png)

<use pics/haptic_coupling.png>
Package pdftex.def Info: pics/haptic_coupling.png used on input line 810.
(pdftex.def)             Requested size: 140.92793pt x 182.65904pt.


LaTeX Warning: `h' float specifier changed to `ht'.

[43] [44 <./pics/haptic_coupling.png>] [45] [46] [47] [48] [49]
<pics/software.png, id=685, 933.7284pt x 236.082pt>
File: pics/software.png Graphic file (type png)
 <use pics/software.png>
Package pdftex.def Info: pics/software.png used on input line 972.
(pdftex.def)             Requested size: 469.75502pt x 118.77197pt.


LaTeX Warning: `h' float specifier changed to `ht'.

[50] [51 <./pics/software.png>] [52] [53]
<pics/UI_menu_label.png, id=729, 794.97pt x 511.1898pt>
File: pics/UI_menu_label.png Graphic file (type png)

<use pics/UI_menu_label.png>
Package pdftex.def Info: pics/UI_menu_label.png used on input line 1050.
(pdftex.def)             Requested size: 422.77664pt x 271.86531pt.


LaTeX Warning: `h' float specifier changed to `ht'.

[54] <pics/UI_trajectory.png, id=738, 497.2176pt x 290.5254pt>
File: pics/UI_trajectory.png Graphic file (type png)

<use pics/UI_trajectory.png>
Package pdftex.def Info: pics/UI_trajectory.png used on input line 1065.
(pdftex.def)             Requested size: 352.31625pt x 205.87106pt.


LaTeX Warning: `h' float specifier changed to `ht'.

[55 <./pics/UI_menu_label.png>]
<pics/UI_game_label.png, id=746, 769.9164pt x 486.1362pt>
File: pics/UI_game_label.png Graphic file (type png)

<use pics/UI_game_label.png>
Package pdftex.def Info: pics/UI_game_label.png used on input line 1077.
(pdftex.def)             Requested size: 469.75502pt x 296.6094pt.


LaTeX Warning: `h' float specifier changed to `ht'.

[56 <./pics/UI_trajectory.png>] [57 <./pics/UI_game_label.png>]
Chapter 4.
<pics/Mar12_NoForce_Step_Plot.png, id=758, 421.575pt x 316.18124pt>
=======
Package pdftex.def Info: pics/pcb_schematic.png  used on input line 518.
(pdftex.def)             Requested size: 422.77664pt x 338.9944pt.
[28] [29 <./pics/pcb_schematic.png>]

LaTeX Warning: No positions in optional float specifier.
               Default added (so using `tbp') on input line 532.

[30]
Chapter 3.
[31

] [32] [33] [34] [35] [36] [37] [38] [39] [40] [41]
Chapter 4.
<pics/Mar12_NoForce_Step_Plot.png, id=569, 421.575pt x 316.18124pt>
>>>>>>> a063c110292bbdb966f5fd9d4ca03a59e219b14b
File: pics/Mar12_NoForce_Step_Plot.png Graphic file (type png)
<use pics/Mar12_NoForce_Step_Plot.png>
<<<<<<< HEAD
Package pdftex.def Info: pics/Mar12_NoForce_Step_Plot.png used on input line 11
02.
(pdftex.def)             Requested size: 422.77664pt x 317.08746pt.
 [58

]
<pics/Mar12_RandForce_Plot1.png, id=763, 421.575pt x 316.18124pt>
=======
Package pdftex.def Info: pics/Mar12_NoForce_Step_Plot.png  used on input line 8
04.
(pdftex.def)             Requested size: 422.77664pt x 317.08746pt.
[42

]
<pics/Mar12_RandForce_Plot1.png, id=575, 421.575pt x 316.18124pt>
>>>>>>> a063c110292bbdb966f5fd9d4ca03a59e219b14b
File: pics/Mar12_RandForce_Plot1.png Graphic file (type png)
<use pics/Mar12_RandForce_Plot1.png>
<<<<<<< HEAD
Package pdftex.def Info: pics/Mar12_RandForce_Plot1.png used on input line 1109
.
(pdftex.def)             Requested size: 422.77664pt x 317.08746pt.
 [59 <./pics/Mar12_NoForce_Step_Plot.png>]
[60 <./pics/Mar12_RandForce_Plot1.png>]
Chapter 5.
[61

] [62

] [63

] [64

] (thesis_feb2019.bbl [65

] [66
=======
Package pdftex.def Info: pics/Mar12_RandForce_Plot1.png  used on input line 811
.
(pdftex.def)             Requested size: 422.77664pt x 317.08746pt.
 [43 <./pics/Mar12_NoForce_Step_Plot.png>] [44 <./pics/Mar12_RandForce_Plot1.pn
g>]
Chapter 5.
[45

] [46

] [47

] [48

] (thesis_feb2019.bbl [49

] [50
>>>>>>> a063c110292bbdb966f5fd9d4ca03a59e219b14b

]
LaTeX Font Info:    Try loading font information for OML+cmr on input line 77.

("C:\Program Files\MiKTeX 2.9\tex\latex\base\omlcmr.fd"
File: omlcmr.fd 2014/09/29 v2.5h Standard LaTeX font definitions
)
LaTeX Font Info:    Font shape `OML/cmr/m/n' in size <12> not available
(Font)              Font shape `OML/cmm/m/it' tried instead on input line 77.
<<<<<<< HEAD
 [67]
Missing character: There is no â in font cmr12!
Missing character: There is no € in font cmr12!
Missing character: There is no “ in font cmr12!
 [68] [69]
=======
 [51]
Missing character: There is no â in font cmr12!
Missing character: There is no € in font cmr12!
Missing character: There is no “ in font cmr12!
 [52] [53]
>>>>>>> a063c110292bbdb966f5fd9d4ca03a59e219b14b
Missing character: There is no â in font cmr12!
Missing character: There is no „ in font cmr12!
Missing character: There is no ¢ in font cmr12!

<<<<<<< HEAD
[70])
Package atveryend Info: Empty hook `BeforeClearDocument' on input line 1130.
 [71]
Package atveryend Info: Empty hook `AfterLastShipout' on input line 1130.
 (thesis_feb2019.aux)
Package atveryend Info: Executing hook `AtVeryEndDocument' on input line 1130.
Package atveryend Info: Executing hook `AtEndAfterFileList' on input line 1130.

Package rerunfilecheck Info: File `thesis_feb2019.out' has not changed.
(rerunfilecheck)             Checksum: 59DCBA7E9DF36606FBC11C26D7FFF843;3982.
=======
[54])
Package atveryend Info: Empty hook `BeforeClearDocument' on input line 832.
 [55]
Package atveryend Info: Empty hook `AfterLastShipout' on input line 832.
 (thesis_feb2019.aux)
Package atveryend Info: Executing hook `AtVeryEndDocument' on input line 832.
Package atveryend Info: Executing hook `AtEndAfterFileList' on input line 832.
Package rerunfilecheck Info: File `thesis_feb2019.out' has not changed.
(rerunfilecheck)             Checksum: 0D02EAC6DA634FA2F74470128E56A837;3724.
>>>>>>> a063c110292bbdb966f5fd9d4ca03a59e219b14b


LaTeX Warning: There were multiply-defined labels.

<<<<<<< HEAD
Package atveryend Info: Empty hook `AtVeryVeryEnd' on input line 1130.
 ) 
Here is how much of TeX's memory you used:
 7802 strings out of 493323
 117510 string characters out of 3139054
 228773 words of memory out of 3000000
 10930 multiletter control sequences out of 15000+200000
 11186 words of font info for 40 fonts, out of 3000000 for 9000
 1141 hyphenation exceptions out of 8191
 42i,15n,42p,1630b,429s stack positions out of 5000i,500n,10000p,200000b,50000s
=======
Package atveryend Info: Empty hook `AtVeryVeryEnd' on input line 832.
 ) 
Here is how much of TeX's memory you used:
 7482 strings out of 493305
 112258 string characters out of 3138874
 222305 words of memory out of 3000000
 10720 multiletter control sequences out of 15000+200000
 10886 words of font info for 39 fonts, out of 3000000 for 9000
 1141 hyphenation exceptions out of 8191
 35i,15n,42p,1575b,429s stack positions out of 5000i,500n,10000p,200000b,50000s
>>>>>>> a063c110292bbdb966f5fd9d4ca03a59e219b14b
<C:/Program Files/MiKTeX 2.9/fonts/type1/public/amsfonts/cm/cmbx12.pfb><C:/Pr
ogram Files/MiKTeX 2.9/fonts/type1/public/amsfonts/cm/cmex10.pfb><C:/Program Fi
les/MiKTeX 2.9/fonts/type1/public/amsfonts/cm/cmmi12.pfb><C:/Program Files/MiKT
eX 2.9/fonts/type1/public/amsfonts/cm/cmmi8.pfb><C:/Program Files/MiKTeX 2.9/fo
<<<<<<< HEAD
nts/type1/public/amsfonts/cm/cmr10.pfb><C:/Program Files/MiKTeX 2.9/fonts/type1
/public/amsfonts/cm/cmr12.pfb><C:/Program Files/MiKTeX 2.9/fonts/type1/public/a
msfonts/cm/cmr17.pfb><C:/Program Files/MiKTeX 2.9/fonts/type1/public/amsfonts/c
m/cmr8.pfb><C:/Program Files/MiKTeX 2.9/fonts/type1/public/amsfonts/cm/cmsy10.p
fb><C:/Program Files/MiKTeX 2.9/fonts/type1/public/amsfonts/cm/cmsy8.pfb><C:/Pr
ogram Files/MiKTeX 2.9/fonts/type1/public/amsfonts/cm/cmti12.pfb>
Output written on thesis_feb2019.pdf (72 pages, 4044640 bytes).
PDF statistics:
 924 PDF objects out of 1000 (max. 8388607)
 278 named destinations out of 1000 (max. 500000)
 612 words of extra memory for PDF output out of 10000 (max. 10000000)
=======
nts/type1/public/amsfonts/cm/cmr12.pfb><C:/Program Files/MiKTeX 2.9/fonts/type1
/public/amsfonts/cm/cmr17.pfb><C:/Program Files/MiKTeX 2.9/fonts/type1/public/a
msfonts/cm/cmr8.pfb><C:/Program Files/MiKTeX 2.9/fonts/type1/public/amsfonts/cm
/cmsy10.pfb><C:/Program Files/MiKTeX 2.9/fonts/type1/public/amsfonts/cm/cmti12.
pfb>
Output written on thesis_feb2019.pdf (56 pages, 2342587 bytes).
PDF statistics:
 715 PDF objects out of 1000 (max. 8388607)
 211 named destinations out of 1000 (max. 500000)
 488 words of extra memory for PDF output out of 10000 (max. 10000000)
>>>>>>> a063c110292bbdb966f5fd9d4ca03a59e219b14b

