\BOOKMARK [0][-]{chapter.1}{Introduction}{}% 1
\BOOKMARK [1][-]{section.1.1}{Stroke and Rehabilitation}{chapter.1}% 2
\BOOKMARK [2][-]{subsection.1.1.1}{Rehabilitation Guidelines}{section.1.1}% 3
\BOOKMARK [2][-]{subsection.1.1.2}{Acute Stroke Rehabilitation}{section.1.1}% 4
\BOOKMARK [1][-]{section.1.2}{Robotic Rehabilitation}{chapter.1}% 5
\BOOKMARK [2][-]{subsection.1.2.1}{Robots for Overground Walking}{section.1.2}% 6
\BOOKMARK [2][-]{subsection.1.2.2}{Robots for Sitting or Bed-bound Therapy}{section.1.2}% 7
\BOOKMARK [2][-]{subsection.1.2.3}{Previous Work}{section.1.2}% 8
\BOOKMARK [2][-]{subsection.1.2.4}{Stroke Recovery Measures}{section.1.2}% 9
\BOOKMARK [2][-]{subsection.1.2.5}{Controls}{section.1.2}% 10
\BOOKMARK [2][-]{subsection.1.2.6}{Virtual Environments}{section.1.2}% 11
\BOOKMARK [1][-]{section.1.3}{Device Concept}{chapter.1}% 12
\BOOKMARK [1][-]{section.1.4}{Contributions and Outline}{chapter.1}% 13
\BOOKMARK [0][-]{chapter.2}{Fieldwork and Initial Design}{}% 14
\BOOKMARK [1][-]{section.2.1}{Introduction}{chapter.2}% 15
\BOOKMARK [1][-]{section.2.2}{Fieldwork}{chapter.2}% 16
\BOOKMARK [2][-]{subsection.2.2.1}{Methods}{section.2.2}% 17
\BOOKMARK [2][-]{subsection.2.2.2}{Typical Rehabilitation}{section.2.2}% 18
\BOOKMARK [2][-]{subsection.2.2.3}{Patient Engagement}{section.2.2}% 19
\BOOKMARK [2][-]{subsection.2.2.4}{Hospital Environment}{section.2.2}% 20
\BOOKMARK [2][-]{subsection.2.2.5}{Therapy Schedule}{section.2.2}% 21
\BOOKMARK [2][-]{subsection.2.2.6}{Other Comments and Concerns}{section.2.2}% 22
\BOOKMARK [1][-]{section.2.3}{Design Decisions}{chapter.2}% 23
\BOOKMARK [2][-]{subsection.2.3.1}{Degrees of Freedom}{section.2.3}% 24
\BOOKMARK [2][-]{subsection.2.3.2}{Linear Actuator Type}{section.2.3}% 25
\BOOKMARK [2][-]{subsection.2.3.3}{Placement Relative to Bed}{section.2.3}% 26
\BOOKMARK [2][-]{subsection.2.3.4}{Computer v.s. Microcontroller}{section.2.3}% 27
\BOOKMARK [1][-]{section.2.4}{Design Requirements}{chapter.2}% 28
\BOOKMARK [1][-]{section.2.5}{Final Design}{chapter.2}% 29
\BOOKMARK [0][-]{chapter.3}{Device Design and Implementation}{}% 30
\BOOKMARK [1][-]{section.3.1}{Overview}{chapter.3}% 31
\BOOKMARK [1][-]{section.3.2}{Structural Design}{chapter.3}% 32
\BOOKMARK [2][-]{subsection.3.2.1}{Frame}{section.3.2}% 33
\BOOKMARK [2][-]{subsection.3.2.2}{Footplate}{section.3.2}% 34
\BOOKMARK [1][-]{section.3.3}{Hardware}{chapter.3}% 35
\BOOKMARK [2][-]{subsection.3.3.1}{Actuator}{section.3.3}% 36
\BOOKMARK [2][-]{subsection.3.3.2}{Sensors}{section.3.3}% 37
\BOOKMARK [1][-]{section.3.4}{Electronics and Power}{chapter.3}% 38
\BOOKMARK [2][-]{subsection.3.4.1}{PCB Layout}{section.3.4}% 39
\BOOKMARK [1][-]{section.3.5}{Data Acquisition}{chapter.3}% 40
\BOOKMARK [1][-]{section.3.6}{Computer System}{chapter.3}% 41
\BOOKMARK [0][-]{chapter.4}{Controller and Software}{}% 42
\BOOKMARK [1][-]{section.4.1}{Overview}{chapter.4}% 43
\BOOKMARK [1][-]{section.4.2}{Impedance \046 Admittance Controller}{chapter.4}% 44
\BOOKMARK [2][-]{subsection.4.2.1}{Velocity Profile}{section.4.2}% 45
\BOOKMARK [2][-]{subsection.4.2.2}{Operational Modes Using Admittance Control}{section.4.2}% 46
\BOOKMARK [1][-]{section.4.3}{Haptic Feedback}{chapter.4}% 47
\BOOKMARK [2][-]{subsection.4.3.1}{Operational Modes Using the Haptic Coupling}{section.4.3}% 48
\BOOKMARK [2][-]{subsection.4.3.2}{Physics Engine}{section.4.3}% 49
\BOOKMARK [1][-]{section.4.4}{Tuning Control Gains}{chapter.4}% 50
\BOOKMARK [1][-]{section.4.5}{Software}{chapter.4}% 51
\BOOKMARK [2][-]{subsection.4.5.1}{Real Time Operation and Linux}{section.4.5}% 52
\BOOKMARK [2][-]{subsection.4.5.2}{Controller}{section.4.5}% 53
\BOOKMARK [2][-]{subsection.4.5.3}{User Interface}{section.4.5}% 54
\BOOKMARK [0][-]{chapter.5}{Experiments}{}% 55
\BOOKMARK [1][-]{section.5.1}{Overview}{chapter.5}% 56
\BOOKMARK [1][-]{section.5.2}{Safety Tests}{chapter.5}% 57
\BOOKMARK [2][-]{subsection.5.2.1}{Goals}{section.5.2}% 58
\BOOKMARK [2][-]{subsection.5.2.2}{Method}{section.5.2}% 59
\BOOKMARK [2][-]{subsection.5.2.3}{Results \046 Discussion}{section.5.2}% 60
\BOOKMARK [1][-]{section.5.3}{Functional Tests}{chapter.5}% 61
\BOOKMARK [2][-]{subsection.5.3.1}{Goals}{section.5.3}% 62
\BOOKMARK [2][-]{subsection.5.3.2}{Method}{section.5.3}% 63
\BOOKMARK [2][-]{subsection.5.3.3}{Results \046 Discussion}{section.5.3}% 64
\BOOKMARK [1][-]{section.5.4}{Healthy Subject Experiments}{chapter.5}% 65
\BOOKMARK [2][-]{subsection.5.4.1}{Goals}{section.5.4}% 66
\BOOKMARK [2][-]{subsection.5.4.2}{Method}{section.5.4}% 67
\BOOKMARK [2][-]{subsection.5.4.3}{Results \046 Discussion}{section.5.4}% 68
\BOOKMARK [0][-]{chapter.6}{Conclusion \046 Future Work}{}% 69
\BOOKMARK [1][-]{section.6.1}{Design Requirement Outcomes}{chapter.6}% 70
\BOOKMARK [1][-]{section.6.2}{Future Work}{chapter.6}% 71
\BOOKMARK [2][-]{subsection.6.2.1}{Design Additions}{section.6.2}% 72
\BOOKMARK [1][-]{section.6.3}{Software Extension}{chapter.6}% 73
\BOOKMARK [2][-]{subsection.6.3.1}{User Interface Additions}{section.6.3}% 74
\BOOKMARK [2][-]{subsection.6.3.2}{Experiments}{section.6.3}% 75
